Date 27.11.23 created folder: /usr/share/doc/HTML/es/kcontrol/cddbretrieval5/fffffffooldeer_271123
Date 27.11.23 created 1Mb sized file: /usr/share/doc/HTML/es/kcontrol/cddbretrieval5/fffffffooldeer_271123/kkkkkkkkeee_271123.zip
Date 27.11.23 created 1Mb sized file: /usr/share/doc/HTML/es/kcontrol/cddbretrieval5/fffffffooldeer_271123/kkkkkeeeee_271123.zip
Date 27.11.23 created 1Mb sized file: /usr/share/doc/HTML/es/kcontrol/cddbretrieval5/fffffffooldeer_271123/kkkkkeeeeeeeeeeee_271123.zip
Date 27.11.23 created 1Mb sized file: /usr/share/doc/HTML/es/kcontrol/cddbretrieval5/fffffffooldeer_271123/keeeeeeeee_271123.zip
Date 27.11.23 created 1Mb sized file: /usr/share/doc/HTML/es/kcontrol/cddbretrieval5/fffffffooldeer_271123/kkkkkkkkeeee_271123.zip
Date 27.11.23 created folder: /usr/share/doc/HTML/es/kcontrol/cddbretrieval5/fooollllllddddeeerr_271123
Date 27.11.23 created 1Mb sized file: /usr/share/doc/HTML/es/kcontrol/cddbretrieval5/fooollllllddddeeerr_271123/kkkkkkkkkkkkkkkkkke_271123.zip
Date 27.11.23 created 1Mb sized file: /usr/share/doc/HTML/es/kcontrol/cddbretrieval5/fooollllllddddeeerr_271123/kkkkkkkkkkkkkkeee_271123.zip
Date 27.11.23 created 1Mb sized file: /usr/share/doc/HTML/es/kcontrol/cddbretrieval5/fooollllllddddeeerr_271123/kkkkkkkkeeeeeee_271123.zip
Date 27.11.23 created 1Mb sized file: /usr/share/doc/HTML/es/kcontrol/cddbretrieval5/fooollllllddddeeerr_271123/kkkkkkkkkkkkkkke_271123.zip
Date 27.11.23 created folder: /usr/share/doc/HTML/es/kcontrol/cddbretrieval5/ffooooolldeeeeeerrr_271123
Date 27.11.23 created 1Mb sized file: /usr/share/doc/HTML/es/kcontrol/cddbretrieval5/ffooooolldeeeeeerrr_271123/kkeeeeeee_271123.zip
Date 27.11.23 created 1Mb sized file: /usr/share/doc/HTML/es/kcontrol/cddbretrieval5/ffooooolldeeeeeerrr_271123/kkkkkkkkkeeeeeeeeee_271123.zip
Date 27.11.23 created 1Mb sized file: /usr/share/doc/HTML/es/kcontrol/cddbretrieval5/ffooooolldeeeeeerrr_271123/keeeeeeeeeeee_271123.zip
Date 27.11.23 created folder: /usr/share/doc/HTML/es/kcontrol/cddbretrieval5/foooldddeer_271123
Date 27.11.23 created 1Mb sized file: /usr/share/doc/HTML/es/kcontrol/cddbretrieval5/foooldddeer_271123/kkkkeeeeeee_271123.zip
Date 27.11.23 created 1Mb sized file: /usr/share/doc/HTML/es/kcontrol/cddbretrieval5/foooldddeer_271123/keeeeeeeeeeeeee_271123.zip
Date 27.11.23 created folder: /usr/share/doc/HTML/es/kcontrol/cddbretrieval5/fffffollldeer_271123
Date 27.11.23 created 1Mb sized file: /usr/share/doc/HTML/es/kcontrol/cddbretrieval5/fffffollldeer_271123/kkkkkkkkkkkkkeeeeeeeeeeeee_271123.zip
Date 27.11.23 created 1Mb sized file: /usr/share/doc/HTML/es/kcontrol/cddbretrieval5/fffffollldeer_271123/kkkkeeeeee_271123.zip
Date 27.11.23 created folder: /usr/share/doc/HTML/es/kcontrol/cddbretrieval5/ffffooolddeeer_271123
Date 27.11.23 created 1Mb sized file: /usr/share/doc/HTML/es/kcontrol/cddbretrieval5/ffffooolddeeer_271123/kkeee_271123.zip
Date 27.11.23 created 1Mb sized file: /usr/share/doc/HTML/es/kcontrol/cddbretrieval5/ffffooolddeeer_271123/kkkkkkkkkkkkkkeeeeeee_271123.zip
Date 27.11.23 created 1Mb sized file: /usr/share/doc/HTML/es/kcontrol/cddbretrieval5/ffffooolddeeer_271123/kkkkkkeee_271123.zip
Date 27.11.23 created 1Mb sized file: /usr/share/doc/HTML/es/kcontrol/cddbretrieval5/ffffooolddeeer_271123/kkkkkkeeee_271123.zip
Date 27.11.23 created 1Mb sized file: /usr/share/doc/HTML/es/kcontrol/cddbretrieval5/ffffooolddeeer_271123/kkkkkkkkkkkkkke_271123.zip
Date 27.11.23 created folder: /usr/share/doc/HTML/es/kcontrol/cddbretrieval5/foooooooolddeerr_271123
Date 27.11.23 created 1Mb sized file: /usr/share/doc/HTML/es/kcontrol/cddbretrieval5/foooooooolddeerr_271123/kkeeeeeeee_271123.zip
Date 27.11.23 created 1Mb sized file: /usr/share/doc/HTML/es/kcontrol/cddbretrieval5/foooooooolddeerr_271123/kkkkke_271123.zip
Date 27.11.23 created 1Mb sized file: /usr/share/doc/HTML/es/kcontrol/cddbretrieval5/foooooooolddeerr_271123/kkkkkkeeeeeeeeeee_271123.zip
Date 27.11.23 created folder: /usr/share/doc/HTML/es/kcontrol/cddbretrieval5/ffoooooollddeeeeerrrrrrrrrr_271123
Date 27.11.23 created 1Mb sized file: /usr/share/doc/HTML/es/kcontrol/cddbretrieval5/ffoooooollddeeeeerrrrrrrrrr_271123/kkeeeeeee_271123.zip
Date 27.11.23 created 1Mb sized file: /usr/share/doc/HTML/es/kcontrol/cddbretrieval5/ffoooooollddeeeeerrrrrrrrrr_271123/kkkkkkkkkkkkkkkkkkee_271123.zip
Date 27.11.23 created folder: /usr/share/doc/HTML/es/kcontrol/cddbretrieval5/fooldddddeer_271123
Date 27.11.23 created 1Mb sized file: /usr/share/doc/HTML/es/kcontrol/cddbretrieval5/fooldddddeer_271123/kkeeeee_271123.zip
Date 27.11.23 created 1Mb sized file: /usr/share/doc/HTML/es/kcontrol/cddbretrieval5/fooldddddeer_271123/kkkkkeeeeeeeee_271123.zip
Date 27.11.23 created 1Mb sized file: /usr/share/doc/HTML/es/kcontrol/cddbretrieval5/fooldddddeer_271123/keeeeeeeeeeeeee_271123.zip
Date 27.11.23 created folder: /usr/share/doc/HTML/es/kcontrol/cddbretrieval5/fffoolder_271123
Date 27.11.23 created 1Mb sized file: /usr/share/doc/HTML/es/kcontrol/cddbretrieval5/fffoolder_271123/kkkeeeeeeeeee_271123.zip
Date 27.11.23 created 1Mb sized file: /usr/share/doc/HTML/es/kcontrol/cddbretrieval5/fffoolder_271123/kkeeeeeee_271123.zip
Date 27.11.23 created folder: /usr/share/doc/HTML/es/kcontrol/cddbretrieval5/fffffffooldeer_271123/fffoolldeeer_271123
Date 27.11.23 created 1Mb sized file: /usr/share/doc/HTML/es/kcontrol/cddbretrieval5/fffffffooldeer_271123/fffoolldeeer_271123/kkkkkkkkkkkkkkkkkkeeeeee_271123.zip
Date 27.11.23 created 1Mb sized file: /usr/share/doc/HTML/es/kcontrol/cddbretrieval5/fffffffooldeer_271123/fffoolldeeer_271123/kkkkkkkeeeeeeeeeeeeeeeeee_271123.zip
Date 27.11.23 created 1Mb sized file: /usr/share/doc/HTML/es/kcontrol/cddbretrieval5/fffffffooldeer_271123/fffoolldeeer_271123/kkkkkkkkkeeeee_271123.zip
Date 27.11.23 created 1Mb sized file: /usr/share/doc/HTML/es/kcontrol/cddbretrieval5/fffffffooldeer_271123/fffoolldeeer_271123/kkkkkkkkkkkkee_271123.zip
Date 27.11.23 created folder: /usr/share/doc/HTML/es/kcontrol/cddbretrieval5/fffffffooldeer_271123/fffoooooolldderrr_271123
Date 27.11.23 created 1Mb sized file: /usr/share/doc/HTML/es/kcontrol/cddbretrieval5/fffffffooldeer_271123/fffoooooolldderrr_271123/kkeeeeeeeeee_271123.zip
Date 27.11.23 created 1Mb sized file: /usr/share/doc/HTML/es/kcontrol/cddbretrieval5/fffffffooldeer_271123/fffoooooolldderrr_271123/kkkkeeee_271123.zip
Date 27.11.23 created 1Mb sized file: /usr/share/doc/HTML/es/kcontrol/cddbretrieval5/fffffffooldeer_271123/fffoooooolldderrr_271123/kkkkkkkkkke_271123.zip
Date 27.11.23 created 1Mb sized file: /usr/share/doc/HTML/es/kcontrol/cddbretrieval5/fffffffooldeer_271123/fffoooooolldderrr_271123/kkkeeeeeeeee_271123.zip
Date 27.11.23 created 1Mb sized file: /usr/share/doc/HTML/es/kcontrol/cddbretrieval5/fffffffooldeer_271123/fffoooooolldderrr_271123/kkkkeee_271123.zip
Date 27.11.23 created folder: /usr/share/doc/HTML/es/kcontrol/cddbretrieval5/fffffffooldeer_271123/fffffolldddder_271123
Date 27.11.23 created 1Mb sized file: /usr/share/doc/HTML/es/kcontrol/cddbretrieval5/fffffffooldeer_271123/fffffolldddder_271123/keeeeeeeee_271123.zip
Date 27.11.23 created 1Mb sized file: /usr/share/doc/HTML/es/kcontrol/cddbretrieval5/fffffffooldeer_271123/fffffolldddder_271123/kkkkkkkkeeee_271123.zip
Date 27.11.23 created 1Mb sized file: /usr/share/doc/HTML/es/kcontrol/cddbretrieval5/fffffffooldeer_271123/fffffolldddder_271123/keeeeeeee_271123.zip
Date 27.11.23 created 1Mb sized file: /usr/share/doc/HTML/es/kcontrol/cddbretrieval5/fffffffooldeer_271123/fffffolldddder_271123/kkkkkkkkkkkkkkkkeeeeeeee_271123.zip
Date 27.11.23 created folder: /usr/share/doc/HTML/es/kcontrol/cddbretrieval5/fffffffooldeer_271123/fffffoldder_271123
Date 27.11.23 created 1Mb sized file: /usr/share/doc/HTML/es/kcontrol/cddbretrieval5/fffffffooldeer_271123/fffffoldder_271123/keeeeeeeeeeeeeeee_271123.zip
Date 27.11.23 created 1Mb sized file: /usr/share/doc/HTML/es/kcontrol/cddbretrieval5/fffffffooldeer_271123/fffffoldder_271123/kkkkkeeeee_271123.zip
Date 27.11.23 created 1Mb sized file: /usr/share/doc/HTML/es/kcontrol/cddbretrieval5/fffffffooldeer_271123/fffffoldder_271123/kkkeeeeeeeeeeee_271123.zip
Date 27.11.23 created 1Mb sized file: /usr/share/doc/HTML/es/kcontrol/cddbretrieval5/fffffffooldeer_271123/fffffoldder_271123/kkeeee_271123.zip
Date 27.11.23 created folder: /usr/share/doc/HTML/es/kcontrol/cddbretrieval5/fooollllllddddeeerr_271123/folldeeeeeeerr_271123
Date 27.11.23 created 1Mb sized file: /usr/share/doc/HTML/es/kcontrol/cddbretrieval5/fooollllllddddeeerr_271123/folldeeeeeeerr_271123/kkkkkkkkkkkkkkkkkkkkkkeeeeeee_271123.zip
Date 27.11.23 created 1Mb sized file: /usr/share/doc/HTML/es/kcontrol/cddbretrieval5/fooollllllddddeeerr_271123/folldeeeeeeerr_271123/kkkkkkeeeeeeeeeeeeeeeeeee_271123.zip
Date 27.11.23 created 1Mb sized file: /usr/share/doc/HTML/es/kcontrol/cddbretrieval5/fooollllllddddeeerr_271123/folldeeeeeeerr_271123/kkkkkkee_271123.zip
Date 27.11.23 created folder: /usr/share/doc/HTML/es/kcontrol/cddbretrieval5/fooollllllddddeeerr_271123/fffffffffoldddeer_271123
Date 27.11.23 created 1Mb sized file: /usr/share/doc/HTML/es/kcontrol/cddbretrieval5/fooollllllddddeeerr_271123/fffffffffoldddeer_271123/kkkkkkkkkkkkkkkkkkkkkkkkkkkee_271123.zip
Date 27.11.23 created 1Mb sized file: /usr/share/doc/HTML/es/kcontrol/cddbretrieval5/fooollllllddddeeerr_271123/fffffffffoldddeer_271123/kkkkkkkkkkkeeeee_271123.zip
Date 27.11.23 created folder: /usr/share/doc/HTML/es/kcontrol/cddbretrieval5/ffooooolldeeeeeerrr_271123/ffollllldddddddddddddeerrrr_271123
Date 27.11.23 created 1Mb sized file: /usr/share/doc/HTML/es/kcontrol/cddbretrieval5/ffooooolldeeeeeerrr_271123/ffollllldddddddddddddeerrrr_271123/kkkkkkkkkkkkkeeeeeeeeee_271123.zip
Date 27.11.23 created 1Mb sized file: /usr/share/doc/HTML/es/kcontrol/cddbretrieval5/ffooooolldeeeeeerrr_271123/ffollllldddddddddddddeerrrr_271123/kkkkkkkke_271123.zip
Date 27.11.23 created 1Mb sized file: /usr/share/doc/HTML/es/kcontrol/cddbretrieval5/ffooooolldeeeeeerrr_271123/ffollllldddddddddddddeerrrr_271123/kkeeeeeeee_271123.zip
Date 27.11.23 created 1Mb sized file: /usr/share/doc/HTML/es/kcontrol/cddbretrieval5/ffooooolldeeeeeerrr_271123/ffollllldddddddddddddeerrrr_271123/kkkkkkkkkkkkeeee_271123.zip
Date 27.11.23 created folder: /usr/share/doc/HTML/es/kcontrol/cddbretrieval5/ffooooolldeeeeeerrr_271123/ffooooooooooolllder_271123
Date 27.11.23 created 1Mb sized file: /usr/share/doc/HTML/es/kcontrol/cddbretrieval5/ffooooolldeeeeeerrr_271123/ffooooooooooolllder_271123/kkkee_271123.zip
Date 27.11.23 created 1Mb sized file: /usr/share/doc/HTML/es/kcontrol/cddbretrieval5/ffooooolldeeeeeerrr_271123/ffooooooooooolllder_271123/kkkkkkkkeeeeeeee_271123.zip
Date 27.11.23 created 1Mb sized file: /usr/share/doc/HTML/es/kcontrol/cddbretrieval5/ffooooolldeeeeeerrr_271123/ffooooooooooolllder_271123/kkkeeeee_271123.zip
Date 27.11.23 created 1Mb sized file: /usr/share/doc/HTML/es/kcontrol/cddbretrieval5/ffooooolldeeeeeerrr_271123/ffooooooooooolllder_271123/kkkkkkkeeeeeeee_271123.zip
Date 27.11.23 created 1Mb sized file: /usr/share/doc/HTML/es/kcontrol/cddbretrieval5/ffooooolldeeeeeerrr_271123/ffooooooooooolllder_271123/kkkkkkkkkkkkkkkkkeee_271123.zip
Date 27.11.23 created folder: /usr/share/doc/HTML/es/kcontrol/cddbretrieval5/ffooooolldeeeeeerrr_271123/fffoooolllllddddeeerrrr_271123
Date 27.11.23 created 1Mb sized file: /usr/share/doc/HTML/es/kcontrol/cddbretrieval5/ffooooolldeeeeeerrr_271123/fffoooolllllddddeeerrrr_271123/kkkkkkeeeee_271123.zip
Date 27.11.23 created 1Mb sized file: /usr/share/doc/HTML/es/kcontrol/cddbretrieval5/ffooooolldeeeeeerrr_271123/fffoooolllllddddeeerrrr_271123/kkkkkeee_271123.zip
Date 27.11.23 created 1Mb sized file: /usr/share/doc/HTML/es/kcontrol/cddbretrieval5/ffooooolldeeeeeerrr_271123/fffoooolllllddddeeerrrr_271123/kkkkkkkkkkkeeee_271123.zip
Date 27.11.23 created 1Mb sized file: /usr/share/doc/HTML/es/kcontrol/cddbretrieval5/ffooooolldeeeeeerrr_271123/fffoooolllllddddeeerrrr_271123/kkkkkkkkkkkeeeeeee_271123.zip
Date 27.11.23 created folder: /usr/share/doc/HTML/es/kcontrol/cddbretrieval5/ffooooolldeeeeeerrr_271123/fffoooolldeerr_271123
Date 27.11.23 created 1Mb sized file: /usr/share/doc/HTML/es/kcontrol/cddbretrieval5/ffooooolldeeeeeerrr_271123/fffoooolldeerr_271123/kkkkkkkkkkkkkee_271123.zip
Date 27.11.23 created 1Mb sized file: /usr/share/doc/HTML/es/kcontrol/cddbretrieval5/ffooooolldeeeeeerrr_271123/fffoooolldeerr_271123/kkkkkkeeeeee_271123.zip
Date 27.11.23 created 1Mb sized file: /usr/share/doc/HTML/es/kcontrol/cddbretrieval5/ffooooolldeeeeeerrr_271123/fffoooolldeerr_271123/kkkeeeeeee_271123.zip
Date 27.11.23 created folder: /usr/share/doc/HTML/es/kcontrol/cddbretrieval5/ffooooolldeeeeeerrr_271123/fffolder_271123
Date 27.11.23 created 1Mb sized file: /usr/share/doc/HTML/es/kcontrol/cddbretrieval5/ffooooolldeeeeeerrr_271123/fffolder_271123/kkkkkkkkkeeeee_271123.zip
Date 27.11.23 created 1Mb sized file: /usr/share/doc/HTML/es/kcontrol/cddbretrieval5/ffooooolldeeeeeerrr_271123/fffolder_271123/kkkkkkeee_271123.zip
Date 27.11.23 created 1Mb sized file: /usr/share/doc/HTML/es/kcontrol/cddbretrieval5/ffooooolldeeeeeerrr_271123/fffolder_271123/kkkkkkkkkkkkeeeeeee_271123.zip
Date 27.11.23 created folder: /usr/share/doc/HTML/es/kcontrol/cddbretrieval5/foooldddeer_271123/ffoooldeerrrr_271123
Date 27.11.23 created 1Mb sized file: /usr/share/doc/HTML/es/kcontrol/cddbretrieval5/foooldddeer_271123/ffoooldeerrrr_271123/keeeeeee_271123.zip
Date 27.11.23 created 1Mb sized file: /usr/share/doc/HTML/es/kcontrol/cddbretrieval5/foooldddeer_271123/ffoooldeerrrr_271123/kkkkkkeeeee_271123.zip
Date 27.11.23 created 1Mb sized file: /usr/share/doc/HTML/es/kcontrol/cddbretrieval5/foooldddeer_271123/ffoooldeerrrr_271123/keeeee_271123.zip
Date 27.11.23 created 1Mb sized file: /usr/share/doc/HTML/es/kcontrol/cddbretrieval5/foooldddeer_271123/ffoooldeerrrr_271123/kkkkkkkkeeeeeeeeee_271123.zip
Date 27.11.23 created folder: /usr/share/doc/HTML/es/kcontrol/cddbretrieval5/foooldddeer_271123/fffffoooollder_271123
Date 27.11.23 created 1Mb sized file: /usr/share/doc/HTML/es/kcontrol/cddbretrieval5/foooldddeer_271123/fffffoooollder_271123/kkkkkkkeeeeeee_271123.zip
Date 27.11.23 created 1Mb sized file: /usr/share/doc/HTML/es/kcontrol/cddbretrieval5/foooldddeer_271123/fffffoooollder_271123/kkkee_271123.zip
Date 27.11.23 created folder: /usr/share/doc/HTML/es/kcontrol/cddbretrieval5/fffffollldeer_271123/fffoooooldddddddddeeeerr_271123
Date 27.11.23 created 1Mb sized file: /usr/share/doc/HTML/es/kcontrol/cddbretrieval5/fffffollldeer_271123/fffoooooldddddddddeeeerr_271123/kkkkkkkkkkke_271123.zip
Date 27.11.23 created 1Mb sized file: /usr/share/doc/HTML/es/kcontrol/cddbretrieval5/fffffollldeer_271123/fffoooooldddddddddeeeerr_271123/keeeeeeeeee_271123.zip
Date 27.11.23 created folder: /usr/share/doc/HTML/es/kcontrol/cddbretrieval5/fffffollldeer_271123/folder_271123
Date 27.11.23 created 1Mb sized file: /usr/share/doc/HTML/es/kcontrol/cddbretrieval5/fffffollldeer_271123/folder_271123/kkkkkkkkkke_271123.zip
Date 27.11.23 created 1Mb sized file: /usr/share/doc/HTML/es/kcontrol/cddbretrieval5/fffffollldeer_271123/folder_271123/kkkkkkkeeeeeee_271123.zip
Date 27.11.23 created folder: /usr/share/doc/HTML/es/kcontrol/cddbretrieval5/fffffollldeer_271123/ffffffooldeeerrrrr_271123
Date 27.11.23 created 1Mb sized file: /usr/share/doc/HTML/es/kcontrol/cddbretrieval5/fffffollldeer_271123/ffffffooldeeerrrrr_271123/keeeeeeeeeeeeeeee_271123.zip
Date 27.11.23 created 1Mb sized file: /usr/share/doc/HTML/es/kcontrol/cddbretrieval5/fffffollldeer_271123/ffffffooldeeerrrrr_271123/kkkkkkkkkeeeeeeeeee_271123.zip
Date 27.11.23 created 1Mb sized file: /usr/share/doc/HTML/es/kcontrol/cddbretrieval5/fffffollldeer_271123/ffffffooldeeerrrrr_271123/kkkkeeeeee_271123.zip
Date 27.11.23 created 1Mb sized file: /usr/share/doc/HTML/es/kcontrol/cddbretrieval5/fffffollldeer_271123/ffffffooldeeerrrrr_271123/kkkkkkkkeeeeee_271123.zip
Date 27.11.23 created folder: /usr/share/doc/HTML/es/kcontrol/cddbretrieval5/fffffollldeer_271123/ffoollddeer_271123
Date 27.11.23 created 1Mb sized file: /usr/share/doc/HTML/es/kcontrol/cddbretrieval5/fffffollldeer_271123/ffoollddeer_271123/kkkkkkkeeeee_271123.zip
Date 27.11.23 created 1Mb sized file: /usr/share/doc/HTML/es/kcontrol/cddbretrieval5/fffffollldeer_271123/ffoollddeer_271123/kkkkkee_271123.zip
Date 27.11.23 created folder: /usr/share/doc/HTML/es/kcontrol/cddbretrieval5/fffffollldeer_271123/foollldddder_271123
Date 27.11.23 created 1Mb sized file: /usr/share/doc/HTML/es/kcontrol/cddbretrieval5/fffffollldeer_271123/foollldddder_271123/kkkkkkeeeeeeeeee_271123.zip
Date 27.11.23 created 1Mb sized file: /usr/share/doc/HTML/es/kcontrol/cddbretrieval5/fffffollldeer_271123/foollldddder_271123/kkkeeeeeeeeee_271123.zip
Date 27.11.23 created folder: /usr/share/doc/HTML/es/kcontrol/cddbretrieval5/ffffooolddeeer_271123/fooldeeerr_271123
Date 27.11.23 created 1Mb sized file: /usr/share/doc/HTML/es/kcontrol/cddbretrieval5/ffffooolddeeer_271123/fooldeeerr_271123/kkeeeeeeeeeeeeeeeeee_271123.zip
Date 27.11.23 created 1Mb sized file: /usr/share/doc/HTML/es/kcontrol/cddbretrieval5/ffffooolddeeer_271123/fooldeeerr_271123/kkkkkkeeeee_271123.zip
Date 27.11.23 created folder: /usr/share/doc/HTML/es/kcontrol/cddbretrieval5/ffffooolddeeer_271123/ffffolldder_271123
Date 27.11.23 created 1Mb sized file: /usr/share/doc/HTML/es/kcontrol/cddbretrieval5/ffffooolddeeer_271123/ffffolldder_271123/kkkkkkkkkkeeeeeeeeeeeeee_271123.zip
Date 27.11.23 created 1Mb sized file: /usr/share/doc/HTML/es/kcontrol/cddbretrieval5/ffffooolddeeer_271123/ffffolldder_271123/kkkkkkkkkkeeeeee_271123.zip
Date 27.11.23 created folder: /usr/share/doc/HTML/es/kcontrol/cddbretrieval5/foooooooolddeerr_271123/foooollldddeeeerrrrr_271123
Date 27.11.23 created 1Mb sized file: /usr/share/doc/HTML/es/kcontrol/cddbretrieval5/foooooooolddeerr_271123/foooollldddeeeerrrrr_271123/kkkeeeeeeeee_271123.zip
Date 27.11.23 created 1Mb sized file: /usr/share/doc/HTML/es/kcontrol/cddbretrieval5/foooooooolddeerr_271123/foooollldddeeeerrrrr_271123/keeeeee_271123.zip
Date 27.11.23 created 1Mb sized file: /usr/share/doc/HTML/es/kcontrol/cddbretrieval5/foooooooolddeerr_271123/foooollldddeeeerrrrr_271123/kkkkkkee_271123.zip
Date 27.11.23 created folder: /usr/share/doc/HTML/es/kcontrol/cddbretrieval5/foooooooolddeerr_271123/ffffolldeeer_271123
Date 27.11.23 created 1Mb sized file: /usr/share/doc/HTML/es/kcontrol/cddbretrieval5/foooooooolddeerr_271123/ffffolldeeer_271123/kkkkkkeeee_271123.zip
Date 27.11.23 created 1Mb sized file: /usr/share/doc/HTML/es/kcontrol/cddbretrieval5/foooooooolddeerr_271123/ffffolldeeer_271123/kkkkkkkkkkkkkkkkkkkkkkke_271123.zip
Date 27.11.23 created 1Mb sized file: /usr/share/doc/HTML/es/kcontrol/cddbretrieval5/foooooooolddeerr_271123/ffffolldeeer_271123/keeeeeeeeeeeee_271123.zip
Date 27.11.23 created 1Mb sized file: /usr/share/doc/HTML/es/kcontrol/cddbretrieval5/foooooooolddeerr_271123/ffffolldeeer_271123/kkkee_271123.zip
Date 27.11.23 created 1Mb sized file: /usr/share/doc/HTML/es/kcontrol/cddbretrieval5/foooooooolddeerr_271123/ffffolldeeer_271123/kkkkeeeeeee_271123.zip
Date 27.11.23 created folder: /usr/share/doc/HTML/es/kcontrol/cddbretrieval5/foooooooolddeerr_271123/fooollddder_271123
Date 27.11.23 created 1Mb sized file: /usr/share/doc/HTML/es/kcontrol/cddbretrieval5/foooooooolddeerr_271123/fooollddder_271123/kkeeeeeeeee_271123.zip
Date 27.11.23 created 1Mb sized file: /usr/share/doc/HTML/es/kcontrol/cddbretrieval5/foooooooolddeerr_271123/fooollddder_271123/kkkkkkkeeeeeeee_271123.zip
Date 27.11.23 created folder: /usr/share/doc/HTML/es/kcontrol/cddbretrieval5/ffoooooollddeeeeerrrrrrrrrr_271123/ffffooolllddeeeeeerrrr_271123
Date 27.11.23 created 1Mb sized file: /usr/share/doc/HTML/es/kcontrol/cddbretrieval5/ffoooooollddeeeeerrrrrrrrrr_271123/ffffooolllddeeeeeerrrr_271123/kkkkeeeeeeeee_271123.zip
Date 27.11.23 created 1Mb sized file: /usr/share/doc/HTML/es/kcontrol/cddbretrieval5/ffoooooollddeeeeerrrrrrrrrr_271123/ffffooolllddeeeeeerrrr_271123/kkeeeeeee_271123.zip
Date 27.11.23 created 1Mb sized file: /usr/share/doc/HTML/es/kcontrol/cddbretrieval5/ffoooooollddeeeeerrrrrrrrrr_271123/ffffooolllddeeeeeerrrr_271123/kkkkkkkeeeeeee_271123.zip
Date 27.11.23 created folder: /usr/share/doc/HTML/es/kcontrol/cddbretrieval5/ffoooooollddeeeeerrrrrrrrrr_271123/ffoollddeeer_271123
Date 27.11.23 created 1Mb sized file: /usr/share/doc/HTML/es/kcontrol/cddbretrieval5/ffoooooollddeeeeerrrrrrrrrr_271123/ffoollddeeer_271123/kkkeeeeeeeeeeeeeee_271123.zip
Date 27.11.23 created 1Mb sized file: /usr/share/doc/HTML/es/kcontrol/cddbretrieval5/ffoooooollddeeeeerrrrrrrrrr_271123/ffoollddeeer_271123/kkkkkkkkkkkkkeeeeee_271123.zip
Date 27.11.23 created 1Mb sized file: /usr/share/doc/HTML/es/kcontrol/cddbretrieval5/ffoooooollddeeeeerrrrrrrrrr_271123/ffoollddeeer_271123/kkkkkkkkkkeee_271123.zip
Date 27.11.23 created folder: /usr/share/doc/HTML/es/kcontrol/cddbretrieval5/ffoooooollddeeeeerrrrrrrrrr_271123/fffffooollddeeeer_271123
Date 27.11.23 created 1Mb sized file: /usr/share/doc/HTML/es/kcontrol/cddbretrieval5/ffoooooollddeeeeerrrrrrrrrr_271123/fffffooollddeeeer_271123/kkkkeeee_271123.zip
Date 27.11.23 created 1Mb sized file: /usr/share/doc/HTML/es/kcontrol/cddbretrieval5/ffoooooollddeeeeerrrrrrrrrr_271123/fffffooollddeeeer_271123/kkkkkkkkkkkkeeeeeeeee_271123.zip
Date 27.11.23 created 1Mb sized file: /usr/share/doc/HTML/es/kcontrol/cddbretrieval5/ffoooooollddeeeeerrrrrrrrrr_271123/fffffooollddeeeer_271123/kkkkeeeeeeeeeeeee_271123.zip
Date 27.11.23 created 1Mb sized file: /usr/share/doc/HTML/es/kcontrol/cddbretrieval5/ffoooooollddeeeeerrrrrrrrrr_271123/fffffooollddeeeer_271123/kkeeeeeee_271123.zip
Date 27.11.23 created folder: /usr/share/doc/HTML/es/kcontrol/cddbretrieval5/ffoooooollddeeeeerrrrrrrrrr_271123/ffffoooooolldeeeeeeer_271123
Date 27.11.23 created 1Mb sized file: /usr/share/doc/HTML/es/kcontrol/cddbretrieval5/ffoooooollddeeeeerrrrrrrrrr_271123/ffffoooooolldeeeeeeer_271123/kkkkkeeeeeeeee_271123.zip
Date 27.11.23 created 1Mb sized file: /usr/share/doc/HTML/es/kcontrol/cddbretrieval5/ffoooooollddeeeeerrrrrrrrrr_271123/ffffoooooolldeeeeeeer_271123/kkkkkkkkkeeee_271123.zip
Date 27.11.23 created folder: /usr/share/doc/HTML/es/kcontrol/cddbretrieval5/ffoooooollddeeeeerrrrrrrrrr_271123/fffoldder_271123
Date 27.11.23 created 1Mb sized file: /usr/share/doc/HTML/es/kcontrol/cddbretrieval5/ffoooooollddeeeeerrrrrrrrrr_271123/fffoldder_271123/kkkkkkkkkeeeeeeeeeeeeeee_271123.zip
Date 27.11.23 created 1Mb sized file: /usr/share/doc/HTML/es/kcontrol/cddbretrieval5/ffoooooollddeeeeerrrrrrrrrr_271123/fffoldder_271123/kkkkkkkkkee_271123.zip
Date 27.11.23 created 1Mb sized file: /usr/share/doc/HTML/es/kcontrol/cddbretrieval5/ffoooooollddeeeeerrrrrrrrrr_271123/fffoldder_271123/kkkkkkeeeeeeeeee_271123.zip
Date 27.11.23 created 1Mb sized file: /usr/share/doc/HTML/es/kcontrol/cddbretrieval5/ffoooooollddeeeeerrrrrrrrrr_271123/fffoldder_271123/kkkkkkkkkkkkkkeeeee_271123.zip
Date 27.11.23 created 1Mb sized file: /usr/share/doc/HTML/es/kcontrol/cddbretrieval5/ffoooooollddeeeeerrrrrrrrrr_271123/fffoldder_271123/kkkkeeee_271123.zip
Date 27.11.23 created folder: /usr/share/doc/HTML/es/kcontrol/cddbretrieval5/fooldddddeer_271123/fooollldddddderrr_271123
Date 27.11.23 created 1Mb sized file: /usr/share/doc/HTML/es/kcontrol/cddbretrieval5/fooldddddeer_271123/fooollldddddderrr_271123/kkkkkkkkkkkeeeeeeeeeeeeee_271123.zip
Date 27.11.23 created 1Mb sized file: /usr/share/doc/HTML/es/kcontrol/cddbretrieval5/fooldddddeer_271123/fooollldddddderrr_271123/kkkkkkkkee_271123.zip
Date 27.11.23 created 1Mb sized file: /usr/share/doc/HTML/es/kcontrol/cddbretrieval5/fooldddddeer_271123/fooollldddddderrr_271123/kkkke_271123.zip
Date 27.11.23 created folder: /usr/share/doc/HTML/es/kcontrol/cddbretrieval5/fooldddddeer_271123/folderr_271123
Date 27.11.23 created 1Mb sized file: /usr/share/doc/HTML/es/kcontrol/cddbretrieval5/fooldddddeer_271123/folderr_271123/kkkkkkkeee_271123.zip
Date 27.11.23 created 1Mb sized file: /usr/share/doc/HTML/es/kcontrol/cddbretrieval5/fooldddddeer_271123/folderr_271123/kkkkkkkkeeeeee_271123.zip
Date 27.11.23 created folder: /usr/share/doc/HTML/es/kcontrol/cddbretrieval5/fooldddddeer_271123/fooldeer_271123
Date 27.11.23 created 1Mb sized file: /usr/share/doc/HTML/es/kcontrol/cddbretrieval5/fooldddddeer_271123/fooldeer_271123/kkeeeeeeeeeeee_271123.zip
Date 27.11.23 created 1Mb sized file: /usr/share/doc/HTML/es/kcontrol/cddbretrieval5/fooldddddeer_271123/fooldeer_271123/kkkkkkkkkkkeeeeeee_271123.zip
Date 27.11.23 created 1Mb sized file: /usr/share/doc/HTML/es/kcontrol/cddbretrieval5/fooldddddeer_271123/fooldeer_271123/kkkkeeeeeeee_271123.zip
Date 27.11.23 created 1Mb sized file: /usr/share/doc/HTML/es/kcontrol/cddbretrieval5/fooldddddeer_271123/fooldeer_271123/kkkkkkee_271123.zip
Date 27.11.23 created 1Mb sized file: /usr/share/doc/HTML/es/kcontrol/cddbretrieval5/fooldddddeer_271123/fooldeer_271123/kkkkkkkkkkkkkkee_271123.zip
Date 27.11.23 created folder: /usr/share/doc/HTML/es/kcontrol/cddbretrieval5/fooldddddeer_271123/ffoldder_271123
Date 27.11.23 created 1Mb sized file: /usr/share/doc/HTML/es/kcontrol/cddbretrieval5/fooldddddeer_271123/ffoldder_271123/kkkkkkke_271123.zip
Date 27.11.23 created 1Mb sized file: /usr/share/doc/HTML/es/kcontrol/cddbretrieval5/fooldddddeer_271123/ffoldder_271123/kkkkkkkkkkkkkkke_271123.zip
Date 27.11.23 created 1Mb sized file: /usr/share/doc/HTML/es/kcontrol/cddbretrieval5/fooldddddeer_271123/ffoldder_271123/kkkkeee_271123.zip
Date 27.11.23 created 1Mb sized file: /usr/share/doc/HTML/es/kcontrol/cddbretrieval5/fooldddddeer_271123/ffoldder_271123/kkeeeeeeeeee_271123.zip
Date 27.11.23 created 1Mb sized file: /usr/share/doc/HTML/es/kcontrol/cddbretrieval5/fooldddddeer_271123/ffoldder_271123/kkkkkkkeeee_271123.zip
Date 27.11.23 created folder: /usr/share/doc/HTML/es/kcontrol/cddbretrieval5/fooldddddeer_271123/ffffollderrrrrr_271123
Date 27.11.23 created 1Mb sized file: /usr/share/doc/HTML/es/kcontrol/cddbretrieval5/fooldddddeer_271123/ffffollderrrrrr_271123/kkkkkkkkeeee_271123.zip
Date 27.11.23 created 1Mb sized file: /usr/share/doc/HTML/es/kcontrol/cddbretrieval5/fooldddddeer_271123/ffffollderrrrrr_271123/kkkkkkkeee_271123.zip
Date 27.11.23 created folder: /usr/share/doc/HTML/es/kcontrol/cddbretrieval5/fffoolder_271123/foldder_271123
Date 27.11.23 created 1Mb sized file: /usr/share/doc/HTML/es/kcontrol/cddbretrieval5/fffoolder_271123/foldder_271123/kkkkkkee_271123.zip
Date 27.11.23 created 1Mb sized file: /usr/share/doc/HTML/es/kcontrol/cddbretrieval5/fffoolder_271123/foldder_271123/keeeeeeeeeeeeeeee_271123.zip
Date 27.11.23 created 1Mb sized file: /usr/share/doc/HTML/es/kcontrol/cddbretrieval5/fffoolder_271123/foldder_271123/keeeeeeee_271123.zip
Date 27.11.23 created folder: /usr/share/doc/HTML/es/kcontrol/cddbretrieval5/fffoolder_271123/folderr_271123
Date 27.11.23 created 1Mb sized file: /usr/share/doc/HTML/es/kcontrol/cddbretrieval5/fffoolder_271123/folderr_271123/kkkkkkkke_271123.zip
Date 27.11.23 created 1Mb sized file: /usr/share/doc/HTML/es/kcontrol/cddbretrieval5/fffoolder_271123/folderr_271123/kkkkkeeeeeee_271123.zip
Date 27.11.23 created 1Mb sized file: /usr/share/doc/HTML/es/kcontrol/cddbretrieval5/fffoolder_271123/folderr_271123/kkkkkeeeeeeeeeee_271123.zip
Date 27.11.23 created folder: /usr/share/doc/HTML/es/kcontrol/cddbretrieval5/fffoolder_271123/follllldddderrr_271123
Date 27.11.23 created 1Mb sized file: /usr/share/doc/HTML/es/kcontrol/cddbretrieval5/fffoolder_271123/follllldddderrr_271123/kkkkkkee_271123.zip
Date 27.11.23 created 1Mb sized file: /usr/share/doc/HTML/es/kcontrol/cddbretrieval5/fffoolder_271123/follllldddderrr_271123/kkkkkkkeeeeeee_271123.zip
Date 27.11.23 created folder: /usr/share/doc/HTML/es/kcontrol/cddbretrieval5/fffoolder_271123/foollllderrrrr_271123
Date 27.11.23 created 1Mb sized file: /usr/share/doc/HTML/es/kcontrol/cddbretrieval5/fffoolder_271123/foollllderrrrr_271123/kkkeeeee_271123.zip
Date 27.11.23 created 1Mb sized file: /usr/share/doc/HTML/es/kcontrol/cddbretrieval5/fffoolder_271123/foollllderrrrr_271123/keeeeeeeeee_271123.zip
Date 27.11.23 created 1Mb sized file: /usr/share/doc/HTML/es/kcontrol/cddbretrieval5/fffoolder_271123/foollllderrrrr_271123/kkkkkkkkkkkkeeee_271123.zip
Date 27.11.23 created 1Mb sized file: /usr/share/doc/HTML/es/kcontrol/cddbretrieval5/fffoolder_271123/foollllderrrrr_271123/kkkkkkkkkeeeeeeeeeeee_271123.zip
Date 27.11.23 created folder: /usr/share/doc/HTML/es/kcontrol/cddbretrieval5/fffoolder_271123/follderrr_271123
Date 27.11.23 created 1Mb sized file: /usr/share/doc/HTML/es/kcontrol/cddbretrieval5/fffoolder_271123/follderrr_271123/kkkkkkkkkkkkkkkkkkkkkkeeeeeeeee_271123.zip
Date 27.11.23 created 1Mb sized file: /usr/share/doc/HTML/es/kcontrol/cddbretrieval5/fffoolder_271123/follderrr_271123/kkkkkeeeeeeeeeeee_271123.zip
Date 27.11.23 created folder: /usr/share/doc/HTML/es/kcontrol/cddbretrieval5/fffffffooldeer_271123/fffoolldeeer_271123/folder_271123
Date 27.11.23 created 1Mb sized file: /usr/share/doc/HTML/es/kcontrol/cddbretrieval5/fffffffooldeer_271123/fffoolldeeer_271123/folder_271123/keeeee_271123.zip
Date 27.11.23 created 1Mb sized file: /usr/share/doc/HTML/es/kcontrol/cddbretrieval5/fffffffooldeer_271123/fffoolldeeer_271123/folder_271123/kkkkke_271123.zip
Date 27.11.23 created 1Mb sized file: /usr/share/doc/HTML/es/kcontrol/cddbretrieval5/fffffffooldeer_271123/fffoolldeeer_271123/folder_271123/kkkkkkkkkkkeeeeeeeeeee_271123.zip
Date 27.11.23 created 1Mb sized file: /usr/share/doc/HTML/es/kcontrol/cddbretrieval5/fffffffooldeer_271123/fffoolldeeer_271123/folder_271123/kkkkkkkkkeeeeeeee_271123.zip
Date 27.11.23 created folder: /usr/share/doc/HTML/es/kcontrol/cddbretrieval5/fffffffooldeer_271123/fffoolldeeer_271123/fffollddder_271123
Date 27.11.23 created 1Mb sized file: /usr/share/doc/HTML/es/kcontrol/cddbretrieval5/fffffffooldeer_271123/fffoolldeeer_271123/fffollddder_271123/kkkkkkkee_271123.zip
Date 27.11.23 created 1Mb sized file: /usr/share/doc/HTML/es/kcontrol/cddbretrieval5/fffffffooldeer_271123/fffoolldeeer_271123/fffollddder_271123/kkkeeee_271123.zip
Date 27.11.23 created folder: /usr/share/doc/HTML/es/kcontrol/cddbretrieval5/fffffffooldeer_271123/fffoooooolldderrr_271123/foldder_271123
Date 27.11.23 created 1Mb sized file: /usr/share/doc/HTML/es/kcontrol/cddbretrieval5/fffffffooldeer_271123/fffoooooolldderrr_271123/foldder_271123/kkkkeeeeeeeeeee_271123.zip
Date 27.11.23 created 1Mb sized file: /usr/share/doc/HTML/es/kcontrol/cddbretrieval5/fffffffooldeer_271123/fffoooooolldderrr_271123/foldder_271123/kkkkkkkeeeeeeeee_271123.zip
Date 27.11.23 created 1Mb sized file: /usr/share/doc/HTML/es/kcontrol/cddbretrieval5/fffffffooldeer_271123/fffoooooolldderrr_271123/foldder_271123/kkkkkkkkeee_271123.zip
Date 27.11.23 created 1Mb sized file: /usr/share/doc/HTML/es/kcontrol/cddbretrieval5/fffffffooldeer_271123/fffoooooolldderrr_271123/foldder_271123/kkkeeeeeeeeeee_271123.zip
Date 27.11.23 created 1Mb sized file: /usr/share/doc/HTML/es/kcontrol/cddbretrieval5/fffffffooldeer_271123/fffoooooolldderrr_271123/foldder_271123/kkkkkeeeeeeeeeee_271123.zip
Date 27.11.23 created folder: /usr/share/doc/HTML/es/kcontrol/cddbretrieval5/fffffffooldeer_271123/fffoooooolldderrr_271123/fffollddeeerrrrrr_271123
Date 27.11.23 created 1Mb sized file: /usr/share/doc/HTML/es/kcontrol/cddbretrieval5/fffffffooldeer_271123/fffoooooolldderrr_271123/fffollddeeerrrrrr_271123/kkee_271123.zip
Date 27.11.23 created 1Mb sized file: /usr/share/doc/HTML/es/kcontrol/cddbretrieval5/fffffffooldeer_271123/fffoooooolldderrr_271123/fffollddeeerrrrrr_271123/kkkkkkkkkkkkkkkkkkkkkeeeeeeee_271123.zip
Date 27.11.23 created 1Mb sized file: /usr/share/doc/HTML/es/kcontrol/cddbretrieval5/fffffffooldeer_271123/fffoooooolldderrr_271123/fffollddeeerrrrrr_271123/keeeeeeeee_271123.zip
Date 27.11.23 created folder: /usr/share/doc/HTML/es/kcontrol/cddbretrieval5/fffffffooldeer_271123/fffoooooolldderrr_271123/ffolddeeerrrr_271123
Date 27.11.23 created 1Mb sized file: /usr/share/doc/HTML/es/kcontrol/cddbretrieval5/fffffffooldeer_271123/fffoooooolldderrr_271123/ffolddeeerrrr_271123/kkkkkkkeeeeeeeee_271123.zip
Date 27.11.23 created 1Mb sized file: /usr/share/doc/HTML/es/kcontrol/cddbretrieval5/fffffffooldeer_271123/fffoooooolldderrr_271123/ffolddeeerrrr_271123/keeeeeeeeeeeee_271123.zip
Date 27.11.23 created 1Mb sized file: /usr/share/doc/HTML/es/kcontrol/cddbretrieval5/fffffffooldeer_271123/fffoooooolldderrr_271123/ffolddeeerrrr_271123/kkkkkkkkkkkkkkeeeeeeeee_271123.zip
Date 27.11.23 created folder: /usr/share/doc/HTML/es/kcontrol/cddbretrieval5/fffffffooldeer_271123/fffffolldddder_271123/fffolldddeeeer_271123
Date 27.11.23 created 1Mb sized file: /usr/share/doc/HTML/es/kcontrol/cddbretrieval5/fffffffooldeer_271123/fffffolldddder_271123/fffolldddeeeer_271123/kkkkkkeee_271123.zip
Date 27.11.23 created 1Mb sized file: /usr/share/doc/HTML/es/kcontrol/cddbretrieval5/fffffffooldeer_271123/fffffolldddder_271123/fffolldddeeeer_271123/kkkkkkkkkkkeeeeeeeeeee_271123.zip
Date 27.11.23 created 1Mb sized file: /usr/share/doc/HTML/es/kcontrol/cddbretrieval5/fffffffooldeer_271123/fffffolldddder_271123/fffolldddeeeer_271123/keeeeeeeeeeeeeeeeeeeee_271123.zip
Date 27.11.23 created 1Mb sized file: /usr/share/doc/HTML/es/kcontrol/cddbretrieval5/fffffffooldeer_271123/fffffolldddder_271123/fffolldddeeeer_271123/kkkkkkkkke_271123.zip
Date 27.11.23 created folder: /usr/share/doc/HTML/es/kcontrol/cddbretrieval5/fffffffooldeer_271123/fffffolldddder_271123/foldddderr_271123
Date 27.11.23 created 1Mb sized file: /usr/share/doc/HTML/es/kcontrol/cddbretrieval5/fffffffooldeer_271123/fffffolldddder_271123/foldddderr_271123/keeeeeeeee_271123.zip
Date 27.11.23 created 1Mb sized file: /usr/share/doc/HTML/es/kcontrol/cddbretrieval5/fffffffooldeer_271123/fffffolldddder_271123/foldddderr_271123/kkkkkkkkkkee_271123.zip
Date 27.11.23 created 1Mb sized file: /usr/share/doc/HTML/es/kcontrol/cddbretrieval5/fffffffooldeer_271123/fffffolldddder_271123/foldddderr_271123/kkkkkkeeeeeee_271123.zip
Date 27.11.23 created 1Mb sized file: /usr/share/doc/HTML/es/kcontrol/cddbretrieval5/fffffffooldeer_271123/fffffolldddder_271123/foldddderr_271123/kkkkkeeeeeee_271123.zip
Date 27.11.23 created 1Mb sized file: /usr/share/doc/HTML/es/kcontrol/cddbretrieval5/fffffffooldeer_271123/fffffolldddder_271123/foldddderr_271123/kkkkeeeeeeeeeeeeeeeeeeeee_271123.zip
Date 27.11.23 created folder: /usr/share/doc/HTML/es/kcontrol/cddbretrieval5/fffffffooldeer_271123/fffffolldddder_271123/ffooooooldddeeer_271123
Date 27.11.23 created 1Mb sized file: /usr/share/doc/HTML/es/kcontrol/cddbretrieval5/fffffffooldeer_271123/fffffolldddder_271123/ffooooooldddeeer_271123/kkkkkkkkkke_271123.zip
Date 27.11.23 created 1Mb sized file: /usr/share/doc/HTML/es/kcontrol/cddbretrieval5/fffffffooldeer_271123/fffffolldddder_271123/ffooooooldddeeer_271123/kkkeeeeeeeeeeeeee_271123.zip
Date 27.11.23 created 1Mb sized file: /usr/share/doc/HTML/es/kcontrol/cddbretrieval5/fffffffooldeer_271123/fffffolldddder_271123/ffooooooldddeeer_271123/kkkkkkkkkkkkee_271123.zip
Date 27.11.23 created 1Mb sized file: /usr/share/doc/HTML/es/kcontrol/cddbretrieval5/fffffffooldeer_271123/fffffolldddder_271123/ffooooooldddeeer_271123/kkkeeeeeeeeeeeeeee_271123.zip
Date 27.11.23 created 1Mb sized file: /usr/share/doc/HTML/es/kcontrol/cddbretrieval5/fffffffooldeer_271123/fffffolldddder_271123/ffooooooldddeeer_271123/keeeeeeee_271123.zip
Date 27.11.23 created folder: /usr/share/doc/HTML/es/kcontrol/cddbretrieval5/fffffffooldeer_271123/fffffolldddder_271123/ffollllllddeeeeer_271123
Date 27.11.23 created 1Mb sized file: /usr/share/doc/HTML/es/kcontrol/cddbretrieval5/fffffffooldeer_271123/fffffolldddder_271123/ffollllllddeeeeer_271123/kkkkkkkkkkkkkeeeee_271123.zip
Date 27.11.23 created 1Mb sized file: /usr/share/doc/HTML/es/kcontrol/cddbretrieval5/fffffffooldeer_271123/fffffolldddder_271123/ffollllllddeeeeer_271123/kkkkkeeeeeeeeeeeeee_271123.zip
Date 27.11.23 created 1Mb sized file: /usr/share/doc/HTML/es/kcontrol/cddbretrieval5/fffffffooldeer_271123/fffffolldddder_271123/ffollllllddeeeeer_271123/kkeeee_271123.zip
Date 27.11.23 created 1Mb sized file: /usr/share/doc/HTML/es/kcontrol/cddbretrieval5/fffffffooldeer_271123/fffffolldddder_271123/ffollllllddeeeeer_271123/kkeeeeeeeeeeeeeeeee_271123.zip
Date 27.11.23 created folder: /usr/share/doc/HTML/es/kcontrol/cddbretrieval5/fffffffooldeer_271123/fffffolldddder_271123/ffoooooolllddder_271123
Date 27.11.23 created 1Mb sized file: /usr/share/doc/HTML/es/kcontrol/cddbretrieval5/fffffffooldeer_271123/fffffolldddder_271123/ffoooooolllddder_271123/kkkkkkkkee_271123.zip
Date 27.11.23 created 1Mb sized file: /usr/share/doc/HTML/es/kcontrol/cddbretrieval5/fffffffooldeer_271123/fffffolldddder_271123/ffoooooolllddder_271123/kkkkkeeeeeeee_271123.zip
Date 27.11.23 created 1Mb sized file: /usr/share/doc/HTML/es/kcontrol/cddbretrieval5/fffffffooldeer_271123/fffffolldddder_271123/ffoooooolllddder_271123/kkkkeeeeeee_271123.zip
Date 27.11.23 created folder: /usr/share/doc/HTML/es/kcontrol/cddbretrieval5/fffffffooldeer_271123/fffffolldddder_271123/foooooooooollllldderrrr_271123
Date 27.11.23 created 1Mb sized file: /usr/share/doc/HTML/es/kcontrol/cddbretrieval5/fffffffooldeer_271123/fffffolldddder_271123/foooooooooollllldderrrr_271123/keeeeeeeeeee_271123.zip
Date 27.11.23 created 1Mb sized file: /usr/share/doc/HTML/es/kcontrol/cddbretrieval5/fffffffooldeer_271123/fffffolldddder_271123/foooooooooollllldderrrr_271123/kkeee_271123.zip
Date 27.11.23 created 1Mb sized file: /usr/share/doc/HTML/es/kcontrol/cddbretrieval5/fffffffooldeer_271123/fffffolldddder_271123/foooooooooollllldderrrr_271123/kkeeee_271123.zip
Date 27.11.23 created 1Mb sized file: /usr/share/doc/HTML/es/kcontrol/cddbretrieval5/fffffffooldeer_271123/fffffolldddder_271123/foooooooooollllldderrrr_271123/kkkkkkkkeeeeeee_271123.zip
Date 27.11.23 created folder: /usr/share/doc/HTML/es/kcontrol/cddbretrieval5/fffffffooldeer_271123/fffffoldder_271123/fffollddeeeeer_271123
Date 27.11.23 created 1Mb sized file: /usr/share/doc/HTML/es/kcontrol/cddbretrieval5/fffffffooldeer_271123/fffffoldder_271123/fffollddeeeeer_271123/kkkkkkkkkkkeee_271123.zip
Date 27.11.23 created 1Mb sized file: /usr/share/doc/HTML/es/kcontrol/cddbretrieval5/fffffffooldeer_271123/fffffoldder_271123/fffollddeeeeer_271123/kkkkkkeeeee_271123.zip
Date 27.11.23 created folder: /usr/share/doc/HTML/es/kcontrol/cddbretrieval5/fffffffooldeer_271123/fffffoldder_271123/foolllder_271123
Date 27.11.23 created 1Mb sized file: /usr/share/doc/HTML/es/kcontrol/cddbretrieval5/fffffffooldeer_271123/fffffoldder_271123/foolllder_271123/kkkkkkkkeeeeeeeeee_271123.zip
Date 27.11.23 created 1Mb sized file: /usr/share/doc/HTML/es/kcontrol/cddbretrieval5/fffffffooldeer_271123/fffffoldder_271123/foolllder_271123/kkkkkkkkkeeeeeeee_271123.zip
Date 27.11.23 created folder: /usr/share/doc/HTML/es/kcontrol/cddbretrieval5/fooollllllddddeeerr_271123/folldeeeeeeerr_271123/foldeer_271123
Date 27.11.23 created 1Mb sized file: /usr/share/doc/HTML/es/kcontrol/cddbretrieval5/fooollllllddddeeerr_271123/folldeeeeeeerr_271123/foldeer_271123/kkeeeeeeeeeeeeee_271123.zip
Date 27.11.23 created 1Mb sized file: /usr/share/doc/HTML/es/kcontrol/cddbretrieval5/fooollllllddddeeerr_271123/folldeeeeeeerr_271123/foldeer_271123/kkkkkkkeeeeeeeeeeeeeeeeeeeeee_271123.zip
Date 27.11.23 created folder: /usr/share/doc/HTML/es/kcontrol/cddbretrieval5/fooollllllddddeeerr_271123/folldeeeeeeerr_271123/folllddddeer_271123
Date 27.11.23 created 1Mb sized file: /usr/share/doc/HTML/es/kcontrol/cddbretrieval5/fooollllllddddeeerr_271123/folldeeeeeeerr_271123/folllddddeer_271123/kkkkkkkkkkkkeeeeee_271123.zip
Date 27.11.23 created 1Mb sized file: /usr/share/doc/HTML/es/kcontrol/cddbretrieval5/fooollllllddddeeerr_271123/folldeeeeeeerr_271123/folllddddeer_271123/kkkkkkkeee_271123.zip
Date 27.11.23 created 1Mb sized file: /usr/share/doc/HTML/es/kcontrol/cddbretrieval5/fooollllllddddeeerr_271123/folldeeeeeeerr_271123/folllddddeer_271123/kkeee_271123.zip
Date 27.11.23 created folder: /usr/share/doc/HTML/es/kcontrol/cddbretrieval5/fooollllllddddeeerr_271123/fffffffffoldddeer_271123/ffoolllddddeeeer_271123
Date 27.11.23 created 1Mb sized file: /usr/share/doc/HTML/es/kcontrol/cddbretrieval5/fooollllllddddeeerr_271123/fffffffffoldddeer_271123/ffoolllddddeeeer_271123/kkkkkkkkkeeeee_271123.zip
Date 27.11.23 created 1Mb sized file: /usr/share/doc/HTML/es/kcontrol/cddbretrieval5/fooollllllddddeeerr_271123/fffffffffoldddeer_271123/ffoolllddddeeeer_271123/kkeee_271123.zip
Date 27.11.23 created 1Mb sized file: /usr/share/doc/HTML/es/kcontrol/cddbretrieval5/fooollllllddddeeerr_271123/fffffffffoldddeer_271123/ffoolllddddeeeer_271123/kkkkkkkkkkkkke_271123.zip
Date 27.11.23 created 1Mb sized file: /usr/share/doc/HTML/es/kcontrol/cddbretrieval5/fooollllllddddeeerr_271123/fffffffffoldddeer_271123/ffoolllddddeeeer_271123/kkkkkkkkkkeeeeeeeeeeeee_271123.zip
Date 27.11.23 created 1Mb sized file: /usr/share/doc/HTML/es/kcontrol/cddbretrieval5/fooollllllddddeeerr_271123/fffffffffoldddeer_271123/ffoolllddddeeeer_271123/kkeeeeee_271123.zip
Date 27.11.23 created folder: /usr/share/doc/HTML/es/kcontrol/cddbretrieval5/fooollllllddddeeerr_271123/fffffffffoldddeer_271123/fooooolddeeeeer_271123
Date 27.11.23 created 1Mb sized file: /usr/share/doc/HTML/es/kcontrol/cddbretrieval5/fooollllllddddeeerr_271123/fffffffffoldddeer_271123/fooooolddeeeeer_271123/kkkkeeeeeeeee_271123.zip
Date 27.11.23 created 1Mb sized file: /usr/share/doc/HTML/es/kcontrol/cddbretrieval5/fooollllllddddeeerr_271123/fffffffffoldddeer_271123/fooooolddeeeeer_271123/keeeeeeeeeeeeeee_271123.zip
Date 27.11.23 created folder: /usr/share/doc/HTML/es/kcontrol/cddbretrieval5/fooollllllddddeeerr_271123/fffffffffoldddeer_271123/fffoollllddeeer_271123
Date 27.11.23 created 1Mb sized file: /usr/share/doc/HTML/es/kcontrol/cddbretrieval5/fooollllllddddeeerr_271123/fffffffffoldddeer_271123/fffoollllddeeer_271123/kkkkkkkkkkee_271123.zip
Date 27.11.23 created 1Mb sized file: /usr/share/doc/HTML/es/kcontrol/cddbretrieval5/fooollllllddddeeerr_271123/fffffffffoldddeer_271123/fffoollllddeeer_271123/kkkkkkkkkkkkkkkkkkkkeee_271123.zip
Date 27.11.23 created 1Mb sized file: /usr/share/doc/HTML/es/kcontrol/cddbretrieval5/fooollllllddddeeerr_271123/fffffffffoldddeer_271123/fffoollllddeeer_271123/kkkkkkke_271123.zip
Date 27.11.23 created 1Mb sized file: /usr/share/doc/HTML/es/kcontrol/cddbretrieval5/fooollllllddddeeerr_271123/fffffffffoldddeer_271123/fffoollllddeeer_271123/kkkkkkkkeee_271123.zip
Date 27.11.23 created 1Mb sized file: /usr/share/doc/HTML/es/kcontrol/cddbretrieval5/fooollllllddddeeerr_271123/fffffffffoldddeer_271123/fffoollllddeeer_271123/kkkkee_271123.zip
Date 27.11.23 created folder: /usr/share/doc/HTML/es/kcontrol/cddbretrieval5/ffooooolldeeeeeerrr_271123/ffollllldddddddddddddeerrrr_271123/ffffolddeerrrr_271123
Date 27.11.23 created 1Mb sized file: /usr/share/doc/HTML/es/kcontrol/cddbretrieval5/ffooooolldeeeeeerrr_271123/ffollllldddddddddddddeerrrr_271123/ffffolddeerrrr_271123/kkkkkkkkkkkkeeeeeeeee_271123.zip
Date 27.11.23 created 1Mb sized file: /usr/share/doc/HTML/es/kcontrol/cddbretrieval5/ffooooolldeeeeeerrr_271123/ffollllldddddddddddddeerrrr_271123/ffffolddeerrrr_271123/keeeeeeeeee_271123.zip
Date 27.11.23 created folder: /usr/share/doc/HTML/es/kcontrol/cddbretrieval5/ffooooolldeeeeeerrr_271123/ffollllldddddddddddddeerrrr_271123/ffollddeer_271123
Date 27.11.23 created 1Mb sized file: /usr/share/doc/HTML/es/kcontrol/cddbretrieval5/ffooooolldeeeeeerrr_271123/ffollllldddddddddddddeerrrr_271123/ffollddeer_271123/kkkkkkkeeee_271123.zip
Date 27.11.23 created 1Mb sized file: /usr/share/doc/HTML/es/kcontrol/cddbretrieval5/ffooooolldeeeeeerrr_271123/ffollllldddddddddddddeerrrr_271123/ffollddeer_271123/kkkkkkke_271123.zip
Date 27.11.23 created 1Mb sized file: /usr/share/doc/HTML/es/kcontrol/cddbretrieval5/ffooooolldeeeeeerrr_271123/ffollllldddddddddddddeerrrr_271123/ffollddeer_271123/kkeeeeeeeeeee_271123.zip
Date 27.11.23 created folder: /usr/share/doc/HTML/es/kcontrol/cddbretrieval5/ffooooolldeeeeeerrr_271123/ffollllldddddddddddddeerrrr_271123/foolldddeerr_271123
Date 27.11.23 created 1Mb sized file: /usr/share/doc/HTML/es/kcontrol/cddbretrieval5/ffooooolldeeeeeerrr_271123/ffollllldddddddddddddeerrrr_271123/foolldddeerr_271123/kkkkkkkkkkkeeee_271123.zip
Date 27.11.23 created 1Mb sized file: /usr/share/doc/HTML/es/kcontrol/cddbretrieval5/ffooooolldeeeeeerrr_271123/ffollllldddddddddddddeerrrr_271123/foolldddeerr_271123/kkeeeee_271123.zip
Date 27.11.23 created 1Mb sized file: /usr/share/doc/HTML/es/kcontrol/cddbretrieval5/ffooooolldeeeeeerrr_271123/ffollllldddddddddddddeerrrr_271123/foolldddeerr_271123/kkeeeeeeee_271123.zip
Date 27.11.23 created 1Mb sized file: /usr/share/doc/HTML/es/kcontrol/cddbretrieval5/ffooooolldeeeeeerrr_271123/ffollllldddddddddddddeerrrr_271123/foolldddeerr_271123/keeeeee_271123.zip
Date 27.11.23 created 1Mb sized file: /usr/share/doc/HTML/es/kcontrol/cddbretrieval5/ffooooolldeeeeeerrr_271123/ffollllldddddddddddddeerrrr_271123/foolldddeerr_271123/kkkkeeeeeee_271123.zip
Date 27.11.23 created folder: /usr/share/doc/HTML/es/kcontrol/cddbretrieval5/ffooooolldeeeeeerrr_271123/ffollllldddddddddddddeerrrr_271123/fooldddder_271123
Date 27.11.23 created 1Mb sized file: /usr/share/doc/HTML/es/kcontrol/cddbretrieval5/ffooooolldeeeeeerrr_271123/ffollllldddddddddddddeerrrr_271123/fooldddder_271123/kkkkkkkkeeeeeeeeee_271123.zip
Date 27.11.23 created 1Mb sized file: /usr/share/doc/HTML/es/kcontrol/cddbretrieval5/ffooooolldeeeeeerrr_271123/ffollllldddddddddddddeerrrr_271123/fooldddder_271123/kkkkkkkkkkkeee_271123.zip
Date 27.11.23 created 1Mb sized file: /usr/share/doc/HTML/es/kcontrol/cddbretrieval5/ffooooolldeeeeeerrr_271123/ffollllldddddddddddddeerrrr_271123/fooldddder_271123/kkkkkkkkkeeeeeeeeeeeeeeee_271123.zip
Date 27.11.23 created folder: /usr/share/doc/HTML/es/kcontrol/cddbretrieval5/ffooooolldeeeeeerrr_271123/ffooooooooooolllder_271123/fooolllddddddeeerrr_271123
Date 27.11.23 created 1Mb sized file: /usr/share/doc/HTML/es/kcontrol/cddbretrieval5/ffooooolldeeeeeerrr_271123/ffooooooooooolllder_271123/fooolllddddddeeerrr_271123/kkkkkkkkkeeeeeee_271123.zip
Date 27.11.23 created 1Mb sized file: /usr/share/doc/HTML/es/kcontrol/cddbretrieval5/ffooooolldeeeeeerrr_271123/ffooooooooooolllder_271123/fooolllddddddeeerrr_271123/kkkkkkkkkkkkkkkkkkeeeeeeeee_271123.zip
Date 27.11.23 created folder: /usr/share/doc/HTML/es/kcontrol/cddbretrieval5/ffooooolldeeeeeerrr_271123/ffooooooooooolllder_271123/ffffffoooooollllddeerrr_271123
Date 27.11.23 created 1Mb sized file: /usr/share/doc/HTML/es/kcontrol/cddbretrieval5/ffooooolldeeeeeerrr_271123/ffooooooooooolllder_271123/ffffffoooooollllddeerrr_271123/kkkkeee_271123.zip
Date 27.11.23 created 1Mb sized file: /usr/share/doc/HTML/es/kcontrol/cddbretrieval5/ffooooolldeeeeeerrr_271123/ffooooooooooolllder_271123/ffffffoooooollllddeerrr_271123/kkkkkkkkkkeeeeee_271123.zip
Date 27.11.23 created folder: /usr/share/doc/HTML/es/kcontrol/cddbretrieval5/ffooooolldeeeeeerrr_271123/ffooooooooooolllder_271123/foooolderrrrrrrr_271123
Date 27.11.23 created 1Mb sized file: /usr/share/doc/HTML/es/kcontrol/cddbretrieval5/ffooooolldeeeeeerrr_271123/ffooooooooooolllder_271123/foooolderrrrrrrr_271123/kkkkeee_271123.zip
Date 27.11.23 created 1Mb sized file: /usr/share/doc/HTML/es/kcontrol/cddbretrieval5/ffooooolldeeeeeerrr_271123/ffooooooooooolllder_271123/foooolderrrrrrrr_271123/kkkkkkkeeeee_271123.zip
Date 27.11.23 created folder: /usr/share/doc/HTML/es/kcontrol/cddbretrieval5/ffooooolldeeeeeerrr_271123/ffooooooooooolllder_271123/foldeeeeerr_271123
Date 27.11.23 created 1Mb sized file: /usr/share/doc/HTML/es/kcontrol/cddbretrieval5/ffooooolldeeeeeerrr_271123/ffooooooooooolllder_271123/foldeeeeerr_271123/kkkkkkkkkkkke_271123.zip
Date 27.11.23 created 1Mb sized file: /usr/share/doc/HTML/es/kcontrol/cddbretrieval5/ffooooolldeeeeeerrr_271123/ffooooooooooolllder_271123/foldeeeeerr_271123/kkkkkkkkkkeeeeeeeeeee_271123.zip
Date 27.11.23 created folder: /usr/share/doc/HTML/es/kcontrol/cddbretrieval5/ffooooolldeeeeeerrr_271123/ffooooooooooolllder_271123/ffoolldeeeerrrrrrrrr_271123
Date 27.11.23 created 1Mb sized file: /usr/share/doc/HTML/es/kcontrol/cddbretrieval5/ffooooolldeeeeeerrr_271123/ffooooooooooolllder_271123/ffoolldeeeerrrrrrrrr_271123/kkke_271123.zip
Date 27.11.23 created 1Mb sized file: /usr/share/doc/HTML/es/kcontrol/cddbretrieval5/ffooooolldeeeeeerrr_271123/ffooooooooooolllder_271123/ffoolldeeeerrrrrrrrr_271123/kkkkkkkkkeeeeeee_271123.zip
Date 27.11.23 created 1Mb sized file: /usr/share/doc/HTML/es/kcontrol/cddbretrieval5/ffooooolldeeeeeerrr_271123/ffooooooooooolllder_271123/ffoolldeeeerrrrrrrrr_271123/kkkkkeeeee_271123.zip
Date 27.11.23 created folder: /usr/share/doc/HTML/es/kcontrol/cddbretrieval5/ffooooolldeeeeeerrr_271123/ffooooooooooolllder_271123/foollldeeerrr_271123
Date 27.11.23 created 1Mb sized file: /usr/share/doc/HTML/es/kcontrol/cddbretrieval5/ffooooolldeeeeeerrr_271123/ffooooooooooolllder_271123/foollldeeerrr_271123/kkeeeeeeeeeeee_271123.zip
Date 27.11.23 created 1Mb sized file: /usr/share/doc/HTML/es/kcontrol/cddbretrieval5/ffooooolldeeeeeerrr_271123/ffooooooooooolllder_271123/foollldeeerrr_271123/kkeeeeeeeee_271123.zip
Date 27.11.23 created 1Mb sized file: /usr/share/doc/HTML/es/kcontrol/cddbretrieval5/ffooooolldeeeeeerrr_271123/ffooooooooooolllder_271123/foollldeeerrr_271123/kkkkeeeeeeeeeee_271123.zip
Date 27.11.23 created 1Mb sized file: /usr/share/doc/HTML/es/kcontrol/cddbretrieval5/ffooooolldeeeeeerrr_271123/ffooooooooooolllder_271123/foollldeeerrr_271123/kkkkkkkkeeeee_271123.zip
Date 27.11.23 created 1Mb sized file: /usr/share/doc/HTML/es/kcontrol/cddbretrieval5/ffooooolldeeeeeerrr_271123/ffooooooooooolllder_271123/foollldeeerrr_271123/kkeeeeeeeeeeeeeeee_271123.zip
Date 27.11.23 created folder: /usr/share/doc/HTML/es/kcontrol/cddbretrieval5/ffooooolldeeeeeerrr_271123/fffoooolllllddddeeerrrr_271123/ffoooooooolldddddeerr_271123
Date 27.11.23 created 1Mb sized file: /usr/share/doc/HTML/es/kcontrol/cddbretrieval5/ffooooolldeeeeeerrr_271123/fffoooolllllddddeeerrrr_271123/ffoooooooolldddddeerr_271123/kkkeee_271123.zip
Date 27.11.23 created 1Mb sized file: /usr/share/doc/HTML/es/kcontrol/cddbretrieval5/ffooooolldeeeeeerrr_271123/fffoooolllllddddeeerrrr_271123/ffoooooooolldddddeerr_271123/kkeeeeeeeeeeeeeeeeeeeeeee_271123.zip
Date 27.11.23 created folder: /usr/share/doc/HTML/es/kcontrol/cddbretrieval5/ffooooolldeeeeeerrr_271123/fffoooolllllddddeeerrrr_271123/ffffffffffoolllldddddeeeerrr_271123
Date 27.11.23 created 1Mb sized file: /usr/share/doc/HTML/es/kcontrol/cddbretrieval5/ffooooolldeeeeeerrr_271123/fffoooolllllddddeeerrrr_271123/ffffffffffoolllldddddeeeerrr_271123/kkkkkkkkeeee_271123.zip
Date 27.11.23 created 1Mb sized file: /usr/share/doc/HTML/es/kcontrol/cddbretrieval5/ffooooolldeeeeeerrr_271123/fffoooolllllddddeeerrrr_271123/ffffffffffoolllldddddeeeerrr_271123/kkkkeeeeeeeeee_271123.zip
Date 27.11.23 created 1Mb sized file: /usr/share/doc/HTML/es/kcontrol/cddbretrieval5/ffooooolldeeeeeerrr_271123/fffoooolllllddddeeerrrr_271123/ffffffffffoolllldddddeeeerrr_271123/kkkkkkkkeee_271123.zip
Date 27.11.23 created 1Mb sized file: /usr/share/doc/HTML/es/kcontrol/cddbretrieval5/ffooooolldeeeeeerrr_271123/fffoooolllllddddeeerrrr_271123/ffffffffffoolllldddddeeeerrr_271123/kkkkkkkeeeeeeee_271123.zip
Date 27.11.23 created folder: /usr/share/doc/HTML/es/kcontrol/cddbretrieval5/ffooooolldeeeeeerrr_271123/fffoooolllllddddeeerrrr_271123/folder_271123
Date 27.11.23 created 1Mb sized file: /usr/share/doc/HTML/es/kcontrol/cddbretrieval5/ffooooolldeeeeeerrr_271123/fffoooolllllddddeeerrrr_271123/folder_271123/kkeeeeeeee_271123.zip
Date 27.11.23 created 1Mb sized file: /usr/share/doc/HTML/es/kcontrol/cddbretrieval5/ffooooolldeeeeeerrr_271123/fffoooolllllddddeeerrrr_271123/folder_271123/kkkkkkkkkkkeee_271123.zip
Date 27.11.23 created folder: /usr/share/doc/HTML/es/kcontrol/cddbretrieval5/ffooooolldeeeeeerrr_271123/fffoooolllllddddeeerrrr_271123/fffollldddderr_271123
Date 27.11.23 created 1Mb sized file: /usr/share/doc/HTML/es/kcontrol/cddbretrieval5/ffooooolldeeeeeerrr_271123/fffoooolllllddddeeerrrr_271123/fffollldddderr_271123/kkkkkkkkkkkkkkkkkkkkkeeeee_271123.zip
Date 27.11.23 created 1Mb sized file: /usr/share/doc/HTML/es/kcontrol/cddbretrieval5/ffooooolldeeeeeerrr_271123/fffoooolllllddddeeerrrr_271123/fffollldddderr_271123/kkkkkkke_271123.zip
Date 27.11.23 created 1Mb sized file: /usr/share/doc/HTML/es/kcontrol/cddbretrieval5/ffooooolldeeeeeerrr_271123/fffoooolllllddddeeerrrr_271123/fffollldddderr_271123/kkkkkkke_271123.zip
Date 27.11.23 created 1Mb sized file: /usr/share/doc/HTML/es/kcontrol/cddbretrieval5/ffooooolldeeeeeerrr_271123/fffoooolllllddddeeerrrr_271123/fffollldddderr_271123/kkkkkkkkkkkeeeeee_271123.zip
Date 27.11.23 created 1Mb sized file: /usr/share/doc/HTML/es/kcontrol/cddbretrieval5/ffooooolldeeeeeerrr_271123/fffoooolllllddddeeerrrr_271123/fffollldddderr_271123/kkkkkkkkeeeeee_271123.zip
Date 27.11.23 created folder: /usr/share/doc/HTML/es/kcontrol/cddbretrieval5/ffooooolldeeeeeerrr_271123/fffoooolllllddddeeerrrr_271123/fffoooldeeeerrrrr_271123
Date 27.11.23 created 1Mb sized file: /usr/share/doc/HTML/es/kcontrol/cddbretrieval5/ffooooolldeeeeeerrr_271123/fffoooolllllddddeeerrrr_271123/fffoooldeeeerrrrr_271123/kkkkkkkkkkkkkee_271123.zip
Date 27.11.23 created 1Mb sized file: /usr/share/doc/HTML/es/kcontrol/cddbretrieval5/ffooooolldeeeeeerrr_271123/fffoooolllllddddeeerrrr_271123/fffoooldeeeerrrrr_271123/kkkkkkkkkkkkkkkkkkkkkee_271123.zip
Date 27.11.23 created 1Mb sized file: /usr/share/doc/HTML/es/kcontrol/cddbretrieval5/ffooooolldeeeeeerrr_271123/fffoooolllllddddeeerrrr_271123/fffoooldeeeerrrrr_271123/kkeeeeeeeeeeee_271123.zip
Date 27.11.23 created folder: /usr/share/doc/HTML/es/kcontrol/cddbretrieval5/ffooooolldeeeeeerrr_271123/fffoooolldeerr_271123/foooollderrrr_271123
Date 27.11.23 created 1Mb sized file: /usr/share/doc/HTML/es/kcontrol/cddbretrieval5/ffooooolldeeeeeerrr_271123/fffoooolldeerr_271123/foooollderrrr_271123/kkeeeee_271123.zip
Date 27.11.23 created 1Mb sized file: /usr/share/doc/HTML/es/kcontrol/cddbretrieval5/ffooooolldeeeeeerrr_271123/fffoooolldeerr_271123/foooollderrrr_271123/kkkkkkkkkkkkkkkkkkkkee_271123.zip
Date 27.11.23 created 1Mb sized file: /usr/share/doc/HTML/es/kcontrol/cddbretrieval5/ffooooolldeeeeeerrr_271123/fffoooolldeerr_271123/foooollderrrr_271123/kkkkkkeeeeee_271123.zip
Date 27.11.23 created 1Mb sized file: /usr/share/doc/HTML/es/kcontrol/cddbretrieval5/ffooooolldeeeeeerrr_271123/fffoooolldeerr_271123/foooollderrrr_271123/kkeeeeeeeeeeeee_271123.zip
Date 27.11.23 created folder: /usr/share/doc/HTML/es/kcontrol/cddbretrieval5/ffooooolldeeeeeerrr_271123/fffoooolldeerr_271123/fooldeerr_271123
Date 27.11.23 created 1Mb sized file: /usr/share/doc/HTML/es/kcontrol/cddbretrieval5/ffooooolldeeeeeerrr_271123/fffoooolldeerr_271123/fooldeerr_271123/kkkkeee_271123.zip
Date 27.11.23 created 1Mb sized file: /usr/share/doc/HTML/es/kcontrol/cddbretrieval5/ffooooolldeeeeeerrr_271123/fffoooolldeerr_271123/fooldeerr_271123/kkkkkkkkkkkee_271123.zip
Date 27.11.23 created 1Mb sized file: /usr/share/doc/HTML/es/kcontrol/cddbretrieval5/ffooooolldeeeeeerrr_271123/fffoooolldeerr_271123/fooldeerr_271123/kkkkkkkeeeeeee_271123.zip
Date 27.11.23 created folder: /usr/share/doc/HTML/es/kcontrol/cddbretrieval5/ffooooolldeeeeeerrr_271123/fffoooolldeerr_271123/fooolddeeeeer_271123
Date 27.11.23 created 1Mb sized file: /usr/share/doc/HTML/es/kcontrol/cddbretrieval5/ffooooolldeeeeeerrr_271123/fffoooolldeerr_271123/fooolddeeeeer_271123/kkkkkke_271123.zip
Date 27.11.23 created 1Mb sized file: /usr/share/doc/HTML/es/kcontrol/cddbretrieval5/ffooooolldeeeeeerrr_271123/fffoooolldeerr_271123/fooolddeeeeer_271123/kkkkkkkkkkkkkkkeee_271123.zip
Date 27.11.23 created 1Mb sized file: /usr/share/doc/HTML/es/kcontrol/cddbretrieval5/ffooooolldeeeeeerrr_271123/fffoooolldeerr_271123/fooolddeeeeer_271123/kkkkeeeeee_271123.zip
Date 27.11.23 created 1Mb sized file: /usr/share/doc/HTML/es/kcontrol/cddbretrieval5/ffooooolldeeeeeerrr_271123/fffoooolldeerr_271123/fooolddeeeeer_271123/kkkkkkkkkkkkkke_271123.zip
Date 27.11.23 created folder: /usr/share/doc/HTML/es/kcontrol/cddbretrieval5/ffooooolldeeeeeerrr_271123/fffoooolldeerr_271123/fffffffoldderrrrrrr_271123
Date 27.11.23 created 1Mb sized file: /usr/share/doc/HTML/es/kcontrol/cddbretrieval5/ffooooolldeeeeeerrr_271123/fffoooolldeerr_271123/fffffffoldderrrrrrr_271123/kkkkkkkkkkkkeeee_271123.zip
Date 27.11.23 created 1Mb sized file: /usr/share/doc/HTML/es/kcontrol/cddbretrieval5/ffooooolldeeeeeerrr_271123/fffoooolldeerr_271123/fffffffoldderrrrrrr_271123/kkkkkkkkeee_271123.zip
Date 27.11.23 created 1Mb sized file: /usr/share/doc/HTML/es/kcontrol/cddbretrieval5/ffooooolldeeeeeerrr_271123/fffoooolldeerr_271123/fffffffoldderrrrrrr_271123/kkkeeeeeeeee_271123.zip
Date 27.11.23 created 1Mb sized file: /usr/share/doc/HTML/es/kcontrol/cddbretrieval5/ffooooolldeeeeeerrr_271123/fffoooolldeerr_271123/fffffffoldderrrrrrr_271123/kkkeeeeeeeee_271123.zip
Date 27.11.23 created 1Mb sized file: /usr/share/doc/HTML/es/kcontrol/cddbretrieval5/ffooooolldeeeeeerrr_271123/fffoooolldeerr_271123/fffffffoldderrrrrrr_271123/kkkkee_271123.zip
Date 27.11.23 created folder: /usr/share/doc/HTML/es/kcontrol/cddbretrieval5/ffooooolldeeeeeerrr_271123/fffoooolldeerr_271123/fffoldddddeer_271123
Date 27.11.23 created 1Mb sized file: /usr/share/doc/HTML/es/kcontrol/cddbretrieval5/ffooooolldeeeeeerrr_271123/fffoooolldeerr_271123/fffoldddddeer_271123/kkkeeee_271123.zip
Date 27.11.23 created 1Mb sized file: /usr/share/doc/HTML/es/kcontrol/cddbretrieval5/ffooooolldeeeeeerrr_271123/fffoooolldeerr_271123/fffoldddddeer_271123/keeeeeeee_271123.zip
Date 27.11.23 created 1Mb sized file: /usr/share/doc/HTML/es/kcontrol/cddbretrieval5/ffooooolldeeeeeerrr_271123/fffoooolldeerr_271123/fffoldddddeer_271123/kkkeeeeeeee_271123.zip
Date 27.11.23 created 1Mb sized file: /usr/share/doc/HTML/es/kcontrol/cddbretrieval5/ffooooolldeeeeeerrr_271123/fffoooolldeerr_271123/fffoldddddeer_271123/kkkkkkkeeee_271123.zip
Date 27.11.23 created folder: /usr/share/doc/HTML/es/kcontrol/cddbretrieval5/ffooooolldeeeeeerrr_271123/fffolder_271123/ffollldddeerrrr_271123
Date 27.11.23 created 1Mb sized file: /usr/share/doc/HTML/es/kcontrol/cddbretrieval5/ffooooolldeeeeeerrr_271123/fffolder_271123/ffollldddeerrrr_271123/kkkkkkeeeeeeee_271123.zip
Date 27.11.23 created 1Mb sized file: /usr/share/doc/HTML/es/kcontrol/cddbretrieval5/ffooooolldeeeeeerrr_271123/fffolder_271123/ffollldddeerrrr_271123/kkkeeeee_271123.zip
Date 27.11.23 created 1Mb sized file: /usr/share/doc/HTML/es/kcontrol/cddbretrieval5/ffooooolldeeeeeerrr_271123/fffolder_271123/ffollldddeerrrr_271123/kkkkkkkkkkkkkkkkkkeee_271123.zip
Date 27.11.23 created folder: /usr/share/doc/HTML/es/kcontrol/cddbretrieval5/ffooooolldeeeeeerrr_271123/fffolder_271123/foooldeeerrrrrrrr_271123
Date 27.11.23 created 1Mb sized file: /usr/share/doc/HTML/es/kcontrol/cddbretrieval5/ffooooolldeeeeeerrr_271123/fffolder_271123/foooldeeerrrrrrrr_271123/kkkkkkeeeeee_271123.zip
Date 27.11.23 created 1Mb sized file: /usr/share/doc/HTML/es/kcontrol/cddbretrieval5/ffooooolldeeeeeerrr_271123/fffolder_271123/foooldeeerrrrrrrr_271123/kkeeee_271123.zip
Date 27.11.23 created 1Mb sized file: /usr/share/doc/HTML/es/kcontrol/cddbretrieval5/ffooooolldeeeeeerrr_271123/fffolder_271123/foooldeeerrrrrrrr_271123/keeeeeeeeeeeeee_271123.zip
Date 27.11.23 created folder: /usr/share/doc/HTML/es/kcontrol/cddbretrieval5/ffooooolldeeeeeerrr_271123/fffolder_271123/foolderrrrr_271123
Date 27.11.23 created 1Mb sized file: /usr/share/doc/HTML/es/kcontrol/cddbretrieval5/ffooooolldeeeeeerrr_271123/fffolder_271123/foolderrrrr_271123/kkkkkkkkkkkkkkkkkke_271123.zip
Date 27.11.23 created 1Mb sized file: /usr/share/doc/HTML/es/kcontrol/cddbretrieval5/ffooooolldeeeeeerrr_271123/fffolder_271123/foolderrrrr_271123/kkkkeeeeee_271123.zip
Date 27.11.23 created folder: /usr/share/doc/HTML/es/kcontrol/cddbretrieval5/foooldddeer_271123/ffoooldeerrrr_271123/fffoolder_271123
Date 27.11.23 created 1Mb sized file: /usr/share/doc/HTML/es/kcontrol/cddbretrieval5/foooldddeer_271123/ffoooldeerrrr_271123/fffoolder_271123/kkkeeee_271123.zip
Date 27.11.23 created 1Mb sized file: /usr/share/doc/HTML/es/kcontrol/cddbretrieval5/foooldddeer_271123/ffoooldeerrrr_271123/fffoolder_271123/kkkkkeeeeeeeee_271123.zip
Date 27.11.23 created 1Mb sized file: /usr/share/doc/HTML/es/kcontrol/cddbretrieval5/foooldddeer_271123/ffoooldeerrrr_271123/fffoolder_271123/kkkkkkkkeeeeeeeeeeeeeeeee_271123.zip
Date 27.11.23 created folder: /usr/share/doc/HTML/es/kcontrol/cddbretrieval5/foooldddeer_271123/fffffoooollder_271123/ffffolllddddeeeerr_271123
Date 27.11.23 created 1Mb sized file: /usr/share/doc/HTML/es/kcontrol/cddbretrieval5/foooldddeer_271123/fffffoooollder_271123/ffffolllddddeeeerr_271123/kkkkkeeeeeeeeee_271123.zip
Date 27.11.23 created 1Mb sized file: /usr/share/doc/HTML/es/kcontrol/cddbretrieval5/foooldddeer_271123/fffffoooollder_271123/ffffolllddddeeeerr_271123/kkeeeeeeeeeeeeee_271123.zip
Date 27.11.23 created folder: /usr/share/doc/HTML/es/kcontrol/cddbretrieval5/foooldddeer_271123/fffffoooollder_271123/fffffffffoolllllllldeerr_271123
Date 27.11.23 created 1Mb sized file: /usr/share/doc/HTML/es/kcontrol/cddbretrieval5/foooldddeer_271123/fffffoooollder_271123/fffffffffoolllllllldeerr_271123/kkkkkkee_271123.zip
Date 27.11.23 created 1Mb sized file: /usr/share/doc/HTML/es/kcontrol/cddbretrieval5/foooldddeer_271123/fffffoooollder_271123/fffffffffoolllllllldeerr_271123/kkkeeeeeeeeeeee_271123.zip
Date 27.11.23 created 1Mb sized file: /usr/share/doc/HTML/es/kcontrol/cddbretrieval5/foooldddeer_271123/fffffoooollder_271123/fffffffffoolllllllldeerr_271123/kkkkkkkkkeee_271123.zip
Date 27.11.23 created folder: /usr/share/doc/HTML/es/kcontrol/cddbretrieval5/foooldddeer_271123/fffffoooollder_271123/fffooolddeeerr_271123
Date 27.11.23 created 1Mb sized file: /usr/share/doc/HTML/es/kcontrol/cddbretrieval5/foooldddeer_271123/fffffoooollder_271123/fffooolddeeerr_271123/kkkkkkkkkkkkeeeeeeeeee_271123.zip
Date 27.11.23 created 1Mb sized file: /usr/share/doc/HTML/es/kcontrol/cddbretrieval5/foooldddeer_271123/fffffoooollder_271123/fffooolddeeerr_271123/kkkkkkee_271123.zip
Date 27.11.23 created folder: /usr/share/doc/HTML/es/kcontrol/cddbretrieval5/fffffollldeer_271123/fffoooooldddddddddeeeerr_271123/ffolddeer_271123
Date 27.11.23 created 1Mb sized file: /usr/share/doc/HTML/es/kcontrol/cddbretrieval5/fffffollldeer_271123/fffoooooldddddddddeeeerr_271123/ffolddeer_271123/keeeeeeeee_271123.zip
Date 27.11.23 created 1Mb sized file: /usr/share/doc/HTML/es/kcontrol/cddbretrieval5/fffffollldeer_271123/fffoooooldddddddddeeeerr_271123/ffolddeer_271123/keeeeeeeeeeeee_271123.zip
Date 27.11.23 created folder: /usr/share/doc/HTML/es/kcontrol/cddbretrieval5/fffffollldeer_271123/fffoooooldddddddddeeeerr_271123/follldddddeeer_271123
Date 27.11.23 created 1Mb sized file: /usr/share/doc/HTML/es/kcontrol/cddbretrieval5/fffffollldeer_271123/fffoooooldddddddddeeeerr_271123/follldddddeeer_271123/kkkkkkkkkkeeeeeeee_271123.zip
Date 27.11.23 created 1Mb sized file: /usr/share/doc/HTML/es/kcontrol/cddbretrieval5/fffffollldeer_271123/fffoooooldddddddddeeeerr_271123/follldddddeeer_271123/kkkkeeeee_271123.zip
Date 27.11.23 created folder: /usr/share/doc/HTML/es/kcontrol/cddbretrieval5/fffffollldeer_271123/fffoooooldddddddddeeeerr_271123/fooollllldddddeerr_271123
Date 27.11.23 created 1Mb sized file: /usr/share/doc/HTML/es/kcontrol/cddbretrieval5/fffffollldeer_271123/fffoooooldddddddddeeeerr_271123/fooollllldddddeerr_271123/kkkkkeeeeeeeee_271123.zip
Date 27.11.23 created 1Mb sized file: /usr/share/doc/HTML/es/kcontrol/cddbretrieval5/fffffollldeer_271123/fffoooooldddddddddeeeerr_271123/fooollllldddddeerr_271123/keeeeeeeeeeee_271123.zip
Date 27.11.23 created folder: /usr/share/doc/HTML/es/kcontrol/cddbretrieval5/fffffollldeer_271123/fffoooooldddddddddeeeerr_271123/ffoooolldeerr_271123
Date 27.11.23 created 1Mb sized file: /usr/share/doc/HTML/es/kcontrol/cddbretrieval5/fffffollldeer_271123/fffoooooldddddddddeeeerr_271123/ffoooolldeerr_271123/kkkkeeee_271123.zip
Date 27.11.23 created 1Mb sized file: /usr/share/doc/HTML/es/kcontrol/cddbretrieval5/fffffollldeer_271123/fffoooooldddddddddeeeerr_271123/ffoooolldeerr_271123/kkkkkkeeeee_271123.zip
Date 27.11.23 created 1Mb sized file: /usr/share/doc/HTML/es/kcontrol/cddbretrieval5/fffffollldeer_271123/fffoooooldddddddddeeeerr_271123/ffoooolldeerr_271123/kkkeee_271123.zip
Date 27.11.23 created folder: /usr/share/doc/HTML/es/kcontrol/cddbretrieval5/fffffollldeer_271123/fffoooooldddddddddeeeerr_271123/fooolldddddeeeeeerrr_271123
Date 27.11.23 created 1Mb sized file: /usr/share/doc/HTML/es/kcontrol/cddbretrieval5/fffffollldeer_271123/fffoooooldddddddddeeeerr_271123/fooolldddddeeeeeerrr_271123/kkkkkkkkeeee_271123.zip
Date 27.11.23 created 1Mb sized file: /usr/share/doc/HTML/es/kcontrol/cddbretrieval5/fffffollldeer_271123/fffoooooldddddddddeeeerr_271123/fooolldddddeeeeeerrr_271123/kkkkkkkkkkeeeee_271123.zip
Date 27.11.23 created 1Mb sized file: /usr/share/doc/HTML/es/kcontrol/cddbretrieval5/fffffollldeer_271123/fffoooooldddddddddeeeerr_271123/fooolldddddeeeeeerrr_271123/kkkkee_271123.zip
Date 27.11.23 created 1Mb sized file: /usr/share/doc/HTML/es/kcontrol/cddbretrieval5/fffffollldeer_271123/fffoooooldddddddddeeeerr_271123/fooolldddddeeeeeerrr_271123/keeeeeeeeee_271123.zip
Date 27.11.23 created folder: /usr/share/doc/HTML/es/kcontrol/cddbretrieval5/fffffollldeer_271123/folder_271123/ffffolddeeerrr_271123
Date 27.11.23 created 1Mb sized file: /usr/share/doc/HTML/es/kcontrol/cddbretrieval5/fffffollldeer_271123/folder_271123/ffffolddeeerrr_271123/kkeee_271123.zip
Date 27.11.23 created 1Mb sized file: /usr/share/doc/HTML/es/kcontrol/cddbretrieval5/fffffollldeer_271123/folder_271123/ffffolddeeerrr_271123/kkkkeeeeeee_271123.zip
Date 27.11.23 created 1Mb sized file: /usr/share/doc/HTML/es/kcontrol/cddbretrieval5/fffffollldeer_271123/folder_271123/ffffolddeeerrr_271123/kkeeeee_271123.zip
Date 27.11.23 created folder: /usr/share/doc/HTML/es/kcontrol/cddbretrieval5/fffffollldeer_271123/folder_271123/fffffooooollldeeer_271123
Date 27.11.23 created 1Mb sized file: /usr/share/doc/HTML/es/kcontrol/cddbretrieval5/fffffollldeer_271123/folder_271123/fffffooooollldeeer_271123/keeeeeeeeeeee_271123.zip
Date 27.11.23 created 1Mb sized file: /usr/share/doc/HTML/es/kcontrol/cddbretrieval5/fffffollldeer_271123/folder_271123/fffffooooollldeeer_271123/kkkkeeeeeeeeee_271123.zip
Date 27.11.23 created 1Mb sized file: /usr/share/doc/HTML/es/kcontrol/cddbretrieval5/fffffollldeer_271123/folder_271123/fffffooooollldeeer_271123/kkkkkkkkkkkkeeeeeee_271123.zip
Date 27.11.23 created folder: /usr/share/doc/HTML/es/kcontrol/cddbretrieval5/fffffollldeer_271123/folder_271123/foooooolddeerrrr_271123
Date 27.11.23 created 1Mb sized file: /usr/share/doc/HTML/es/kcontrol/cddbretrieval5/fffffollldeer_271123/folder_271123/foooooolddeerrrr_271123/kkkkkkkkkkkkke_271123.zip
Date 27.11.23 created 1Mb sized file: /usr/share/doc/HTML/es/kcontrol/cddbretrieval5/fffffollldeer_271123/folder_271123/foooooolddeerrrr_271123/kkkeeeee_271123.zip
Date 27.11.23 created folder: /usr/share/doc/HTML/es/kcontrol/cddbretrieval5/fffffollldeer_271123/folder_271123/ffffffolllddddddddddddder_271123
Date 27.11.23 created 1Mb sized file: /usr/share/doc/HTML/es/kcontrol/cddbretrieval5/fffffollldeer_271123/folder_271123/ffffffolllddddddddddddder_271123/kkeeeeeeeeee_271123.zip
Date 27.11.23 created 1Mb sized file: /usr/share/doc/HTML/es/kcontrol/cddbretrieval5/fffffollldeer_271123/folder_271123/ffffffolllddddddddddddder_271123/keeeeee_271123.zip
Date 27.11.23 created 1Mb sized file: /usr/share/doc/HTML/es/kcontrol/cddbretrieval5/fffffollldeer_271123/folder_271123/ffffffolllddddddddddddder_271123/kkkke_271123.zip
Date 27.11.23 created 1Mb sized file: /usr/share/doc/HTML/es/kcontrol/cddbretrieval5/fffffollldeer_271123/folder_271123/ffffffolllddddddddddddder_271123/kkkkeeeeeeeeeeeeee_271123.zip
Date 27.11.23 created folder: /usr/share/doc/HTML/es/kcontrol/cddbretrieval5/fffffollldeer_271123/folder_271123/ffffffooooolddeerrrr_271123
Date 27.11.23 created 1Mb sized file: /usr/share/doc/HTML/es/kcontrol/cddbretrieval5/fffffollldeer_271123/folder_271123/ffffffooooolddeerrrr_271123/keeeeeeeeeee_271123.zip
Date 27.11.23 created 1Mb sized file: /usr/share/doc/HTML/es/kcontrol/cddbretrieval5/fffffollldeer_271123/folder_271123/ffffffooooolddeerrrr_271123/kkkee_271123.zip
Date 27.11.23 created 1Mb sized file: /usr/share/doc/HTML/es/kcontrol/cddbretrieval5/fffffollldeer_271123/folder_271123/ffffffooooolddeerrrr_271123/kkkkeeeeeeee_271123.zip
Date 27.11.23 created 1Mb sized file: /usr/share/doc/HTML/es/kcontrol/cddbretrieval5/fffffollldeer_271123/folder_271123/ffffffooooolddeerrrr_271123/kkkkkkkkeeee_271123.zip
Date 27.11.23 created 1Mb sized file: /usr/share/doc/HTML/es/kcontrol/cddbretrieval5/fffffollldeer_271123/folder_271123/ffffffooooolddeerrrr_271123/keeeeeee_271123.zip
Date 27.11.23 created folder: /usr/share/doc/HTML/es/kcontrol/cddbretrieval5/fffffollldeer_271123/folder_271123/foooooooldddeerrr_271123
Date 27.11.23 created 1Mb sized file: /usr/share/doc/HTML/es/kcontrol/cddbretrieval5/fffffollldeer_271123/folder_271123/foooooooldddeerrr_271123/kkkkkkkkkkeeeeee_271123.zip
Date 27.11.23 created 1Mb sized file: /usr/share/doc/HTML/es/kcontrol/cddbretrieval5/fffffollldeer_271123/folder_271123/foooooooldddeerrr_271123/kkkkkke_271123.zip
Date 27.11.23 created 1Mb sized file: /usr/share/doc/HTML/es/kcontrol/cddbretrieval5/fffffollldeer_271123/folder_271123/foooooooldddeerrr_271123/kkkeeeeeeeeeeee_271123.zip
Date 27.11.23 created 1Mb sized file: /usr/share/doc/HTML/es/kcontrol/cddbretrieval5/fffffollldeer_271123/folder_271123/foooooooldddeerrr_271123/kkkkkkkkeeee_271123.zip
Date 27.11.23 created 1Mb sized file: /usr/share/doc/HTML/es/kcontrol/cddbretrieval5/fffffollldeer_271123/folder_271123/foooooooldddeerrr_271123/kkkkkkkkeeeeeeeee_271123.zip
Date 27.11.23 created folder: /usr/share/doc/HTML/es/kcontrol/cddbretrieval5/fffffollldeer_271123/ffffffooldeeerrrrr_271123/fffooollllder_271123
Date 27.11.23 created 1Mb sized file: /usr/share/doc/HTML/es/kcontrol/cddbretrieval5/fffffollldeer_271123/ffffffooldeeerrrrr_271123/fffooollllder_271123/kkkkkkke_271123.zip
Date 27.11.23 created 1Mb sized file: /usr/share/doc/HTML/es/kcontrol/cddbretrieval5/fffffollldeer_271123/ffffffooldeeerrrrr_271123/fffooollllder_271123/kkkkeeeeee_271123.zip
Date 27.11.23 created 1Mb sized file: /usr/share/doc/HTML/es/kcontrol/cddbretrieval5/fffffollldeer_271123/ffffffooldeeerrrrr_271123/fffooollllder_271123/kkeeeeeeee_271123.zip
Date 27.11.23 created 1Mb sized file: /usr/share/doc/HTML/es/kcontrol/cddbretrieval5/fffffollldeer_271123/ffffffooldeeerrrrr_271123/fffooollllder_271123/kkkkkkkkkkkkkeeeeeee_271123.zip
Date 27.11.23 created folder: /usr/share/doc/HTML/es/kcontrol/cddbretrieval5/fffffollldeer_271123/ffffffooldeeerrrrr_271123/foldddeerrrr_271123
Date 27.11.23 created 1Mb sized file: /usr/share/doc/HTML/es/kcontrol/cddbretrieval5/fffffollldeer_271123/ffffffooldeeerrrrr_271123/foldddeerrrr_271123/kkkkeeee_271123.zip
Date 27.11.23 created 1Mb sized file: /usr/share/doc/HTML/es/kcontrol/cddbretrieval5/fffffollldeer_271123/ffffffooldeeerrrrr_271123/foldddeerrrr_271123/kkkkkkkke_271123.zip
Date 27.11.23 created 1Mb sized file: /usr/share/doc/HTML/es/kcontrol/cddbretrieval5/fffffollldeer_271123/ffffffooldeeerrrrr_271123/foldddeerrrr_271123/kkkkkkkkeeeee_271123.zip
Date 27.11.23 created 1Mb sized file: /usr/share/doc/HTML/es/kcontrol/cddbretrieval5/fffffollldeer_271123/ffffffooldeeerrrrr_271123/foldddeerrrr_271123/kkkkkkkkkkeeeeeeeee_271123.zip
Date 27.11.23 created 1Mb sized file: /usr/share/doc/HTML/es/kcontrol/cddbretrieval5/fffffollldeer_271123/ffffffooldeeerrrrr_271123/foldddeerrrr_271123/keeeeeeeeeeeee_271123.zip
Date 27.11.23 created folder: /usr/share/doc/HTML/es/kcontrol/cddbretrieval5/fffffollldeer_271123/ffoollddeer_271123/fooollder_271123
Date 27.11.23 created 1Mb sized file: /usr/share/doc/HTML/es/kcontrol/cddbretrieval5/fffffollldeer_271123/ffoollddeer_271123/fooollder_271123/kkkkeeeeeeeeee_271123.zip
Date 27.11.23 created 1Mb sized file: /usr/share/doc/HTML/es/kcontrol/cddbretrieval5/fffffollldeer_271123/ffoollddeer_271123/fooollder_271123/kkkkkkke_271123.zip
Date 27.11.23 created 1Mb sized file: /usr/share/doc/HTML/es/kcontrol/cddbretrieval5/fffffollldeer_271123/ffoollddeer_271123/fooollder_271123/kkkkkkke_271123.zip
Date 27.11.23 created 1Mb sized file: /usr/share/doc/HTML/es/kcontrol/cddbretrieval5/fffffollldeer_271123/ffoollddeer_271123/fooollder_271123/kkkkkkkkkkkkkkee_271123.zip
Date 27.11.23 created 1Mb sized file: /usr/share/doc/HTML/es/kcontrol/cddbretrieval5/fffffollldeer_271123/ffoollddeer_271123/fooollder_271123/kkkkkkeeeee_271123.zip
Date 27.11.23 created folder: /usr/share/doc/HTML/es/kcontrol/cddbretrieval5/fffffollldeer_271123/ffoollddeer_271123/folder_271123
Date 27.11.23 created 1Mb sized file: /usr/share/doc/HTML/es/kcontrol/cddbretrieval5/fffffollldeer_271123/ffoollddeer_271123/folder_271123/kkkkkkkkkkeeeeeeee_271123.zip
Date 27.11.23 created 1Mb sized file: /usr/share/doc/HTML/es/kcontrol/cddbretrieval5/fffffollldeer_271123/ffoollddeer_271123/folder_271123/kkeeeeeeeeeeeeeeeeeeeeeeeee_271123.zip
Date 27.11.23 created 1Mb sized file: /usr/share/doc/HTML/es/kcontrol/cddbretrieval5/fffffollldeer_271123/ffoollddeer_271123/folder_271123/kkkkkkkeeeeee_271123.zip
Date 27.11.23 created folder: /usr/share/doc/HTML/es/kcontrol/cddbretrieval5/fffffollldeer_271123/foollldddder_271123/ffollldddeerrr_271123
Date 27.11.23 created 1Mb sized file: /usr/share/doc/HTML/es/kcontrol/cddbretrieval5/fffffollldeer_271123/foollldddder_271123/ffollldddeerrr_271123/kkkeeeeeeeeee_271123.zip
Date 27.11.23 created 1Mb sized file: /usr/share/doc/HTML/es/kcontrol/cddbretrieval5/fffffollldeer_271123/foollldddder_271123/ffollldddeerrr_271123/kkkkkkkkkee_271123.zip
Date 27.11.23 created 1Mb sized file: /usr/share/doc/HTML/es/kcontrol/cddbretrieval5/fffffollldeer_271123/foollldddder_271123/ffollldddeerrr_271123/keeeeeeeeeeeee_271123.zip
Date 27.11.23 created 1Mb sized file: /usr/share/doc/HTML/es/kcontrol/cddbretrieval5/fffffollldeer_271123/foollldddder_271123/ffollldddeerrr_271123/kkkkkkkkkkkkke_271123.zip
Date 27.11.23 created folder: /usr/share/doc/HTML/es/kcontrol/cddbretrieval5/fffffollldeer_271123/foollldddder_271123/ffffffooldddddeerrrrr_271123
Date 27.11.23 created 1Mb sized file: /usr/share/doc/HTML/es/kcontrol/cddbretrieval5/fffffollldeer_271123/foollldddder_271123/ffffffooldddddeerrrrr_271123/kkeeeeeeeeeeeee_271123.zip
Date 27.11.23 created 1Mb sized file: /usr/share/doc/HTML/es/kcontrol/cddbretrieval5/fffffollldeer_271123/foollldddder_271123/ffffffooldddddeerrrrr_271123/kkkkkkkeeeeeeeee_271123.zip
Date 27.11.23 created 1Mb sized file: /usr/share/doc/HTML/es/kcontrol/cddbretrieval5/fffffollldeer_271123/foollldddder_271123/ffffffooldddddeerrrrr_271123/kkkeee_271123.zip
Date 27.11.23 created 1Mb sized file: /usr/share/doc/HTML/es/kcontrol/cddbretrieval5/fffffollldeer_271123/foollldddder_271123/ffffffooldddddeerrrrr_271123/kkkkkkke_271123.zip
Date 27.11.23 created folder: /usr/share/doc/HTML/es/kcontrol/cddbretrieval5/fffffollldeer_271123/foollldddder_271123/folder_271123
Date 27.11.23 created 1Mb sized file: /usr/share/doc/HTML/es/kcontrol/cddbretrieval5/fffffollldeer_271123/foollldddder_271123/folder_271123/kkkkkeeeee_271123.zip
Date 27.11.23 created 1Mb sized file: /usr/share/doc/HTML/es/kcontrol/cddbretrieval5/fffffollldeer_271123/foollldddder_271123/folder_271123/keeeeeeeee_271123.zip
Date 27.11.23 created 1Mb sized file: /usr/share/doc/HTML/es/kcontrol/cddbretrieval5/fffffollldeer_271123/foollldddder_271123/folder_271123/kkkkkkkkeeeee_271123.zip
Date 27.11.23 created folder: /usr/share/doc/HTML/es/kcontrol/cddbretrieval5/fffffollldeer_271123/foollldddder_271123/follder_271123
Date 27.11.23 created 1Mb sized file: /usr/share/doc/HTML/es/kcontrol/cddbretrieval5/fffffollldeer_271123/foollldddder_271123/follder_271123/kkkkkkkkeeee_271123.zip
Date 27.11.23 created 1Mb sized file: /usr/share/doc/HTML/es/kcontrol/cddbretrieval5/fffffollldeer_271123/foollldddder_271123/follder_271123/kkkkeeeeeeee_271123.zip
Date 27.11.23 created 1Mb sized file: /usr/share/doc/HTML/es/kcontrol/cddbretrieval5/fffffollldeer_271123/foollldddder_271123/follder_271123/kkkkkkkkkkkkkkkeeee_271123.zip
Date 27.11.23 created 1Mb sized file: /usr/share/doc/HTML/es/kcontrol/cddbretrieval5/fffffollldeer_271123/foollldddder_271123/follder_271123/kkkkkeeeeeeeee_271123.zip
Date 27.11.23 created folder: /usr/share/doc/HTML/es/kcontrol/cddbretrieval5/fffffollldeer_271123/foollldddder_271123/fooolddeeerrrrr_271123
Date 27.11.23 created 1Mb sized file: /usr/share/doc/HTML/es/kcontrol/cddbretrieval5/fffffollldeer_271123/foollldddder_271123/fooolddeeerrrrr_271123/kkkeeeeeeeeeeee_271123.zip
Date 27.11.23 created 1Mb sized file: /usr/share/doc/HTML/es/kcontrol/cddbretrieval5/fffffollldeer_271123/foollldddder_271123/fooolddeeerrrrr_271123/kkkkkkeeeeeeeeee_271123.zip
Date 27.11.23 created folder: /usr/share/doc/HTML/es/kcontrol/cddbretrieval5/ffffooolddeeer_271123/fooldeeerr_271123/ffffooolderrr_271123
Date 27.11.23 created 1Mb sized file: /usr/share/doc/HTML/es/kcontrol/cddbretrieval5/ffffooolddeeer_271123/fooldeeerr_271123/ffffooolderrr_271123/kkkkkkeeeeeeeeeeeeeee_271123.zip
Date 27.11.23 created 1Mb sized file: /usr/share/doc/HTML/es/kcontrol/cddbretrieval5/ffffooolddeeer_271123/fooldeeerr_271123/ffffooolderrr_271123/kkkke_271123.zip
Date 27.11.23 created folder: /usr/share/doc/HTML/es/kcontrol/cddbretrieval5/ffffooolddeeer_271123/fooldeeerr_271123/foollldddddddeer_271123
Date 27.11.23 created 1Mb sized file: /usr/share/doc/HTML/es/kcontrol/cddbretrieval5/ffffooolddeeer_271123/fooldeeerr_271123/foollldddddddeer_271123/kkkkkkkkeeeeeeeeee_271123.zip
Date 27.11.23 created 1Mb sized file: /usr/share/doc/HTML/es/kcontrol/cddbretrieval5/ffffooolddeeer_271123/fooldeeerr_271123/foollldddddddeer_271123/kkeeeeeee_271123.zip
Date 27.11.23 created folder: /usr/share/doc/HTML/es/kcontrol/cddbretrieval5/ffffooolddeeer_271123/fooldeeerr_271123/fffoollllllddderrrrr_271123
Date 27.11.23 created 1Mb sized file: /usr/share/doc/HTML/es/kcontrol/cddbretrieval5/ffffooolddeeer_271123/fooldeeerr_271123/fffoollllllddderrrrr_271123/kkkkkkkkkkkkkeeeeee_271123.zip
Date 27.11.23 created 1Mb sized file: /usr/share/doc/HTML/es/kcontrol/cddbretrieval5/ffffooolddeeer_271123/fooldeeerr_271123/fffoollllllddderrrrr_271123/kkkkkkeeee_271123.zip
Date 27.11.23 created folder: /usr/share/doc/HTML/es/kcontrol/cddbretrieval5/ffffooolddeeer_271123/fooldeeerr_271123/folderr_271123
Date 27.11.23 created 1Mb sized file: /usr/share/doc/HTML/es/kcontrol/cddbretrieval5/ffffooolddeeer_271123/fooldeeerr_271123/folderr_271123/kkkkkkkkkkkkeeeeeeeeee_271123.zip
Date 27.11.23 created 1Mb sized file: /usr/share/doc/HTML/es/kcontrol/cddbretrieval5/ffffooolddeeer_271123/fooldeeerr_271123/folderr_271123/kkkkkeeeeee_271123.zip
Date 27.11.23 created 1Mb sized file: /usr/share/doc/HTML/es/kcontrol/cddbretrieval5/ffffooolddeeer_271123/fooldeeerr_271123/folderr_271123/kkkkkkkkkkkeeeeeeee_271123.zip
Date 27.11.23 created 1Mb sized file: /usr/share/doc/HTML/es/kcontrol/cddbretrieval5/ffffooolddeeer_271123/fooldeeerr_271123/folderr_271123/kkkkeee_271123.zip
Date 27.11.23 created folder: /usr/share/doc/HTML/es/kcontrol/cddbretrieval5/ffffooolddeeer_271123/ffffolldder_271123/fooldderrr_271123
Date 27.11.23 created 1Mb sized file: /usr/share/doc/HTML/es/kcontrol/cddbretrieval5/ffffooolddeeer_271123/ffffolldder_271123/fooldderrr_271123/kkkkkkkkkkkke_271123.zip
Date 27.11.23 created 1Mb sized file: /usr/share/doc/HTML/es/kcontrol/cddbretrieval5/ffffooolddeeer_271123/ffffolldder_271123/fooldderrr_271123/kkkkkkkeeeeeeeeeeeeeee_271123.zip
Date 27.11.23 created 1Mb sized file: /usr/share/doc/HTML/es/kcontrol/cddbretrieval5/ffffooolddeeer_271123/ffffolldder_271123/fooldderrr_271123/kkkkkkkeeeeeee_271123.zip
Date 27.11.23 created 1Mb sized file: /usr/share/doc/HTML/es/kcontrol/cddbretrieval5/ffffooolddeeer_271123/ffffolldder_271123/fooldderrr_271123/kkkkkkkkeeeeeee_271123.zip
Date 27.11.23 created folder: /usr/share/doc/HTML/es/kcontrol/cddbretrieval5/ffffooolddeeer_271123/ffffolldder_271123/ffollllllllder_271123
Date 27.11.23 created 1Mb sized file: /usr/share/doc/HTML/es/kcontrol/cddbretrieval5/ffffooolddeeer_271123/ffffolldder_271123/ffollllllllder_271123/kkkeeeeee_271123.zip
Date 27.11.23 created 1Mb sized file: /usr/share/doc/HTML/es/kcontrol/cddbretrieval5/ffffooolddeeer_271123/ffffolldder_271123/ffollllllllder_271123/kkkkkkkkkkeeeee_271123.zip
Date 27.11.23 created 1Mb sized file: /usr/share/doc/HTML/es/kcontrol/cddbretrieval5/ffffooolddeeer_271123/ffffolldder_271123/ffollllllllder_271123/kkeeeeeeeee_271123.zip
Date 27.11.23 created 1Mb sized file: /usr/share/doc/HTML/es/kcontrol/cddbretrieval5/ffffooolddeeer_271123/ffffolldder_271123/ffollllllllder_271123/kkkkkkkkkee_271123.zip
Date 27.11.23 created folder: /usr/share/doc/HTML/es/kcontrol/cddbretrieval5/foooooooolddeerr_271123/foooollldddeeeerrrrr_271123/ffffoooollllllldeer_271123
Date 27.11.23 created 1Mb sized file: /usr/share/doc/HTML/es/kcontrol/cddbretrieval5/foooooooolddeerr_271123/foooollldddeeeerrrrr_271123/ffffoooollllllldeer_271123/kkkkkkkkkkkkkkkeeee_271123.zip
Date 27.11.23 created 1Mb sized file: /usr/share/doc/HTML/es/kcontrol/cddbretrieval5/foooooooolddeerr_271123/foooollldddeeeerrrrr_271123/ffffoooollllllldeer_271123/kkkkkkkeeeeeeeeee_271123.zip
Date 27.11.23 created 1Mb sized file: /usr/share/doc/HTML/es/kcontrol/cddbretrieval5/foooooooolddeerr_271123/foooollldddeeeerrrrr_271123/ffffoooollllllldeer_271123/kkkkkkkkkkeeeee_271123.zip
Date 27.11.23 created 1Mb sized file: /usr/share/doc/HTML/es/kcontrol/cddbretrieval5/foooooooolddeerr_271123/foooollldddeeeerrrrr_271123/ffffoooollllllldeer_271123/kkkkeeeeeeeeeeee_271123.zip
Date 27.11.23 created 1Mb sized file: /usr/share/doc/HTML/es/kcontrol/cddbretrieval5/foooooooolddeerr_271123/foooollldddeeeerrrrr_271123/ffffoooollllllldeer_271123/kkkkkkkkeeeee_271123.zip
Date 27.11.23 created folder: /usr/share/doc/HTML/es/kcontrol/cddbretrieval5/foooooooolddeerr_271123/foooollldddeeeerrrrr_271123/fffffollllllllllllldeerr_271123
Date 27.11.23 created 1Mb sized file: /usr/share/doc/HTML/es/kcontrol/cddbretrieval5/foooooooolddeerr_271123/foooollldddeeeerrrrr_271123/fffffollllllllllllldeerr_271123/kkeeeeeeeeeeee_271123.zip
Date 27.11.23 created 1Mb sized file: /usr/share/doc/HTML/es/kcontrol/cddbretrieval5/foooooooolddeerr_271123/foooollldddeeeerrrrr_271123/fffffollllllllllllldeerr_271123/kkkkkeeeeeeeee_271123.zip
Date 27.11.23 created 1Mb sized file: /usr/share/doc/HTML/es/kcontrol/cddbretrieval5/foooooooolddeerr_271123/foooollldddeeeerrrrr_271123/fffffollllllllllllldeerr_271123/kkkkkkkkee_271123.zip
Date 27.11.23 created folder: /usr/share/doc/HTML/es/kcontrol/cddbretrieval5/foooooooolddeerr_271123/ffffolldeeer_271123/ffollllllllddddeeeerr_271123
Date 27.11.23 created 1Mb sized file: /usr/share/doc/HTML/es/kcontrol/cddbretrieval5/foooooooolddeerr_271123/ffffolldeeer_271123/ffollllllllddddeeeerr_271123/kkkkkkkkke_271123.zip
Date 27.11.23 created 1Mb sized file: /usr/share/doc/HTML/es/kcontrol/cddbretrieval5/foooooooolddeerr_271123/ffffolldeeer_271123/ffollllllllddddeeeerr_271123/kkeeeeeeeeee_271123.zip
Date 27.11.23 created 1Mb sized file: /usr/share/doc/HTML/es/kcontrol/cddbretrieval5/foooooooolddeerr_271123/ffffolldeeer_271123/ffollllllllddddeeeerr_271123/kkkkkkkke_271123.zip
Date 27.11.23 created 1Mb sized file: /usr/share/doc/HTML/es/kcontrol/cddbretrieval5/foooooooolddeerr_271123/ffffolldeeer_271123/ffollllllllddddeeeerr_271123/kkkkkke_271123.zip
Date 27.11.23 created 1Mb sized file: /usr/share/doc/HTML/es/kcontrol/cddbretrieval5/foooooooolddeerr_271123/ffffolldeeer_271123/ffollllllllddddeeeerr_271123/kkkkeee_271123.zip
Date 27.11.23 created folder: /usr/share/doc/HTML/es/kcontrol/cddbretrieval5/foooooooolddeerr_271123/ffffolldeeer_271123/ffoolllllllddeeer_271123
Date 27.11.23 created 1Mb sized file: /usr/share/doc/HTML/es/kcontrol/cddbretrieval5/foooooooolddeerr_271123/ffffolldeeer_271123/ffoolllllllddeeer_271123/kkkkkkkkkkkeeeeeee_271123.zip
Date 27.11.23 created 1Mb sized file: /usr/share/doc/HTML/es/kcontrol/cddbretrieval5/foooooooolddeerr_271123/ffffolldeeer_271123/ffoolllllllddeeer_271123/kkkkkkkkkkkeeee_271123.zip
Date 27.11.23 created 1Mb sized file: /usr/share/doc/HTML/es/kcontrol/cddbretrieval5/foooooooolddeerr_271123/ffffolldeeer_271123/ffoolllllllddeeer_271123/kkkkkkkkke_271123.zip
Date 27.11.23 created 1Mb sized file: /usr/share/doc/HTML/es/kcontrol/cddbretrieval5/foooooooolddeerr_271123/ffffolldeeer_271123/ffoolllllllddeeer_271123/kkkkkkkkkeeeee_271123.zip
Date 27.11.23 created folder: /usr/share/doc/HTML/es/kcontrol/cddbretrieval5/foooooooolddeerr_271123/ffffolldeeer_271123/fffolllddeer_271123
Date 27.11.23 created 1Mb sized file: /usr/share/doc/HTML/es/kcontrol/cddbretrieval5/foooooooolddeerr_271123/ffffolldeeer_271123/fffolllddeer_271123/kkkkkkkkkkkkkke_271123.zip
Date 27.11.23 created 1Mb sized file: /usr/share/doc/HTML/es/kcontrol/cddbretrieval5/foooooooolddeerr_271123/ffffolldeeer_271123/fffolllddeer_271123/kkkkeeeee_271123.zip
Date 27.11.23 created 1Mb sized file: /usr/share/doc/HTML/es/kcontrol/cddbretrieval5/foooooooolddeerr_271123/ffffolldeeer_271123/fffolllddeer_271123/kkkkkkkeeeeeeeeeee_271123.zip
Date 27.11.23 created folder: /usr/share/doc/HTML/es/kcontrol/cddbretrieval5/foooooooolddeerr_271123/ffffolldeeer_271123/fffoollldddeeeer_271123
Date 27.11.23 created 1Mb sized file: /usr/share/doc/HTML/es/kcontrol/cddbretrieval5/foooooooolddeerr_271123/ffffolldeeer_271123/fffoollldddeeeer_271123/keeeeeeee_271123.zip
Date 27.11.23 created 1Mb sized file: /usr/share/doc/HTML/es/kcontrol/cddbretrieval5/foooooooolddeerr_271123/ffffolldeeer_271123/fffoollldddeeeer_271123/kkkeeeeeeeeee_271123.zip
Date 27.11.23 created 1Mb sized file: /usr/share/doc/HTML/es/kcontrol/cddbretrieval5/foooooooolddeerr_271123/ffffolldeeer_271123/fffoollldddeeeer_271123/kkeee_271123.zip
Date 27.11.23 created 1Mb sized file: /usr/share/doc/HTML/es/kcontrol/cddbretrieval5/foooooooolddeerr_271123/ffffolldeeer_271123/fffoollldddeeeer_271123/kkkkkkeeeeeeeeee_271123.zip
Date 27.11.23 created 1Mb sized file: /usr/share/doc/HTML/es/kcontrol/cddbretrieval5/foooooooolddeerr_271123/ffffolldeeer_271123/fffoollldddeeeer_271123/kkkkkkeeee_271123.zip
Date 27.11.23 created folder: /usr/share/doc/HTML/es/kcontrol/cddbretrieval5/foooooooolddeerr_271123/fooollddder_271123/fffoooooolldddddeeeerr_271123
Date 27.11.23 created 1Mb sized file: /usr/share/doc/HTML/es/kcontrol/cddbretrieval5/foooooooolddeerr_271123/fooollddder_271123/fffoooooolldddddeeeerr_271123/kkkkkeeeeeeeeeeeeeeeeee_271123.zip
Date 27.11.23 created 1Mb sized file: /usr/share/doc/HTML/es/kcontrol/cddbretrieval5/foooooooolddeerr_271123/fooollddder_271123/fffoooooolldddddeeeerr_271123/kkkkkkeeee_271123.zip
Date 27.11.23 created 1Mb sized file: /usr/share/doc/HTML/es/kcontrol/cddbretrieval5/foooooooolddeerr_271123/fooollddder_271123/fffoooooolldddddeeeerr_271123/kkkkkkkkkke_271123.zip
Date 27.11.23 created 1Mb sized file: /usr/share/doc/HTML/es/kcontrol/cddbretrieval5/foooooooolddeerr_271123/fooollddder_271123/fffoooooolldddddeeeerr_271123/kkkeeeeeeeeeeeeeeeeeee_271123.zip
Date 27.11.23 created folder: /usr/share/doc/HTML/es/kcontrol/cddbretrieval5/foooooooolddeerr_271123/fooollddder_271123/ffffooollldddddeeeeeeerrrr_271123
Date 27.11.23 created 1Mb sized file: /usr/share/doc/HTML/es/kcontrol/cddbretrieval5/foooooooolddeerr_271123/fooollddder_271123/ffffooollldddddeeeeeeerrrr_271123/kkkkkkkkkkkkkkkkkkkee_271123.zip
Date 27.11.23 created 1Mb sized file: /usr/share/doc/HTML/es/kcontrol/cddbretrieval5/foooooooolddeerr_271123/fooollddder_271123/ffffooollldddddeeeeeeerrrr_271123/kkkkkkkkkkkkeee_271123.zip
Date 27.11.23 created 1Mb sized file: /usr/share/doc/HTML/es/kcontrol/cddbretrieval5/foooooooolddeerr_271123/fooollddder_271123/ffffooollldddddeeeeeeerrrr_271123/keeeeeeeeeeeeeeeeeee_271123.zip
Date 27.11.23 created 1Mb sized file: /usr/share/doc/HTML/es/kcontrol/cddbretrieval5/foooooooolddeerr_271123/fooollddder_271123/ffffooollldddddeeeeeeerrrr_271123/kkkkee_271123.zip
Date 27.11.23 created folder: /usr/share/doc/HTML/es/kcontrol/cddbretrieval5/ffoooooollddeeeeerrrrrrrrrr_271123/ffffooolllddeeeeeerrrr_271123/fffooolddeeeeerrrrrrr_271123
Date 27.11.23 created 1Mb sized file: /usr/share/doc/HTML/es/kcontrol/cddbretrieval5/ffoooooollddeeeeerrrrrrrrrr_271123/ffffooolllddeeeeeerrrr_271123/fffooolddeeeeerrrrrrr_271123/kkkkkeeeeee_271123.zip
Date 27.11.23 created 1Mb sized file: /usr/share/doc/HTML/es/kcontrol/cddbretrieval5/ffoooooollddeeeeerrrrrrrrrr_271123/ffffooolllddeeeeeerrrr_271123/fffooolddeeeeerrrrrrr_271123/kkkkeeeeee_271123.zip
Date 27.11.23 created 1Mb sized file: /usr/share/doc/HTML/es/kcontrol/cddbretrieval5/ffoooooollddeeeeerrrrrrrrrr_271123/ffffooolllddeeeeeerrrr_271123/fffooolddeeeeerrrrrrr_271123/kkkkkkkkkkkkkeeee_271123.zip
Date 27.11.23 created 1Mb sized file: /usr/share/doc/HTML/es/kcontrol/cddbretrieval5/ffoooooollddeeeeerrrrrrrrrr_271123/ffffooolllddeeeeeerrrr_271123/fffooolddeeeeerrrrrrr_271123/keeeeeeeeeeeee_271123.zip
Date 27.11.23 created 1Mb sized file: /usr/share/doc/HTML/es/kcontrol/cddbretrieval5/ffoooooollddeeeeerrrrrrrrrr_271123/ffffooolllddeeeeeerrrr_271123/fffooolddeeeeerrrrrrr_271123/kkkkkkkkeeeee_271123.zip
Date 27.11.23 created folder: /usr/share/doc/HTML/es/kcontrol/cddbretrieval5/ffoooooollddeeeeerrrrrrrrrr_271123/ffoollddeeer_271123/fooooolddeerrrrr_271123
Date 27.11.23 created 1Mb sized file: /usr/share/doc/HTML/es/kcontrol/cddbretrieval5/ffoooooollddeeeeerrrrrrrrrr_271123/ffoollddeeer_271123/fooooolddeerrrrr_271123/kkkkkkkkkkeee_271123.zip
